<html>
<head>
<title>TestNG:  Test</title>
<link href="../testng.css" rel="stylesheet" type="text/css" />
<link href="../my-testng.css" rel="stylesheet" type="text/css" />

<style type="text/css">
.log { display: none;} 
.stack-trace { display: none;} 
</style>
<script type="text/javascript">
<!--
function flip(e) {
  current = e.style.display;
  if (current == 'block') {
    e.style.display = 'none';
    return 0;
  }
  else {
    e.style.display = 'block';
    return 1;
  }
}

function toggleBox(szDivId, elem, msg1, msg2)
{
  var res = -1;  if (document.getElementById) {
    res = flip(document.getElementById(szDivId));
  }
  else if (document.all) {
    // this is the way old msie versions work
    res = flip(document.all[szDivId]);
  }
  if(elem) {
    if(res == 0) elem.innerHTML = msg1; else elem.innerHTML = msg2;
  }

}

function toggleAllBoxes() {
  if (document.getElementsByTagName) {
    d = document.getElementsByTagName('div');
    for (i = 0; i < d.length; i++) {
      if (d[i].className == 'log') {
        flip(d[i]);
      }
    }
  }
}

// -->
</script>

</head>
<body>
<h2 align='center'>Test</h2><table border='1' align="center">
<tr>
<td>Tests passed/Failed/Skipped:</td><td>25/2/0</td>
</tr><tr>
<td>Started on:</td><td>Mon Jul 05 21:14:05 IST 2021</td>
</tr>
<tr><td>Total time:</td><td>1330 seconds (1330932 ms)</td>
</tr><tr>
<td>Included groups:</td><td></td>
</tr><tr>
<td>Excluded groups:</td><td></td>
</tr>
</table><p/>
<small><i>(Hover the method name to see the test class name)</i></small><p/>
<table width='100%' border='1' class='invocation-failed'>
<tr><td colspan='4' align='center'><b>FAILED TESTS</b></td></tr>
<tr><td><b>Test method</b></td>
<td width="30%"><b>Exception</b></td>
<td width="10%"><b>Time (seconds)</b></td>
<td><b>Instance</b></td>
</tr>
<tr>
<td title='tests.TestsType_Help.helpTypeNavigationTest()'><b>helpTypeNavigationTest</b><br>Test class: tests.TestsType_Help</td>
<td><div><pre>org.openqa.selenium.NoSuchWindowException: no such window
  (Session info: chrome=91.0.4472.124)
Build info: version: &apos;3.141.59&apos;, revision: &apos;e82be7d358&apos;, time: &apos;2018-11-14T08:17:03&apos;
System info: host: &apos;PUJAARORA&apos;, ip: &apos;172.22.64.1&apos;, os.name: &apos;Windows 10&apos;, os.arch: &apos;amd64&apos;, os.version: &apos;10.0&apos;, java.version: &apos;1.8.0_221&apos;
Driver info: org.openqa.selenium.chrome.ChromeDriver
Capabilities {acceptInsecureCerts: false, browserName: chrome, browserVersion: 91.0.4472.124, chrome: {chromedriverVersion: 91.0.4472.101 (af52a90bf870..., userDataDir: C:\Users\PUJAAR~1\AppData\L...}, goog:chromeOptions: {debuggerAddress: localhost:59250}, javascriptEnabled: true, networkConnectionEnabled: false, pageLoadStrategy: normal, platform: WINDOWS, platformName: WINDOWS, proxy: Proxy(), setWindowRect: true, strictFileInteractability: false, timeouts: {implicit: 0, pageLoad: 300000, script: 30000}, unhandledPromptBehavior: dismiss and notify, webauthn:extension:largeBlob: true, webauthn:virtualAuthenticators: true}
Session ID: 0fed5fb2164dbdbbf5addba32817e43b
	at org.openqa.selenium.remote.http.W3CHttpResponseCodec.createException(W3CHttpResponseCodec.java:187)
	at org.openqa.selenium.remote.http.W3CHttpResponseCodec.decode(W3CHttpResponseCodec.java:122)
	at org.openqa.selenium.remote.http.W3CHttpResponseCodec.decode(W3CHttpResponseCodec.java:49)
	at org.openqa.selenium.remote.HttpCommandExecutor.execute(HttpCommandExecutor.java:158)
	at org.openqa.selenium.remote.service.DriverCommandExecutor.execute(DriverCommandExecutor.java:83)
	at org.openqa.selenium.remote.RemoteWebDriver.execute(RemoteWebDriver.java:552)
	at org.openqa.selenium.remote.RemoteWebElement.execute(RemoteWebElement.java:285)
	at org.openqa.selenium.remote.RemoteWebElement.click(RemoteWebElement.java:84)
	at org.openqa.selenium.support.pagefactory.internal.LocatingElementHandler.invoke(LocatingElementHandler.java:51)
	at com.sun.proxy.$Proxy27.click(Unknown Source)
	at pages.HelpPage.click_newBusBookingHelp(HelpPage.java:38)
	at tests.TestsType_Help.helpTypeNavigationTest(TestsType_Help.java:55)
... Removed 36 stack frames</pre></div><a href='#' onClick='toggleBox("stack-trace808297264", this, "Click to show all stack frames", "Click to hide stack frames")'>Click to show all stack frames</a>
<div class='stack-trace' id='stack-trace808297264'><pre>org.openqa.selenium.NoSuchWindowException: no such window
  (Session info: chrome=91.0.4472.124)
Build info: version: &apos;3.141.59&apos;, revision: &apos;e82be7d358&apos;, time: &apos;2018-11-14T08:17:03&apos;
System info: host: &apos;PUJAARORA&apos;, ip: &apos;172.22.64.1&apos;, os.name: &apos;Windows 10&apos;, os.arch: &apos;amd64&apos;, os.version: &apos;10.0&apos;, java.version: &apos;1.8.0_221&apos;
Driver info: org.openqa.selenium.chrome.ChromeDriver
Capabilities {acceptInsecureCerts: false, browserName: chrome, browserVersion: 91.0.4472.124, chrome: {chromedriverVersion: 91.0.4472.101 (af52a90bf870..., userDataDir: C:\Users\PUJAAR~1\AppData\L...}, goog:chromeOptions: {debuggerAddress: localhost:59250}, javascriptEnabled: true, networkConnectionEnabled: false, pageLoadStrategy: normal, platform: WINDOWS, platformName: WINDOWS, proxy: Proxy(), setWindowRect: true, strictFileInteractability: false, timeouts: {implicit: 0, pageLoad: 300000, script: 30000}, unhandledPromptBehavior: dismiss and notify, webauthn:extension:largeBlob: true, webauthn:virtualAuthenticators: true}
Session ID: 0fed5fb2164dbdbbf5addba32817e43b
	at sun.reflect.NativeConstructorAccessorImpl.newInstance0(Native Method)
	at sun.reflect.NativeConstructorAccessorImpl.newInstance(NativeConstructorAccessorImpl.java:62)
	at sun.reflect.DelegatingConstructorAccessorImpl.newInstance(DelegatingConstructorAccessorImpl.java:45)
	at java.lang.reflect.Constructor.newInstance(Constructor.java:423)
	at org.openqa.selenium.remote.http.W3CHttpResponseCodec.createException(W3CHttpResponseCodec.java:187)
	at org.openqa.selenium.remote.http.W3CHttpResponseCodec.decode(W3CHttpResponseCodec.java:122)
	at org.openqa.selenium.remote.http.W3CHttpResponseCodec.decode(W3CHttpResponseCodec.java:49)
	at org.openqa.selenium.remote.HttpCommandExecutor.execute(HttpCommandExecutor.java:158)
	at org.openqa.selenium.remote.service.DriverCommandExecutor.execute(DriverCommandExecutor.java:83)
	at org.openqa.selenium.remote.RemoteWebDriver.execute(RemoteWebDriver.java:552)
	at org.openqa.selenium.remote.RemoteWebElement.execute(RemoteWebElement.java:285)
	at org.openqa.selenium.remote.RemoteWebElement.click(RemoteWebElement.java:84)
	at sun.reflect.GeneratedMethodAccessor1.invoke(Unknown Source)
	at sun.reflect.DelegatingMethodAccessorImpl.invoke(DelegatingMethodAccessorImpl.java:43)
	at java.lang.reflect.Method.invoke(Method.java:498)
	at org.openqa.selenium.support.pagefactory.internal.LocatingElementHandler.invoke(LocatingElementHandler.java:51)
	at com.sun.proxy.$Proxy27.click(Unknown Source)
	at pages.HelpPage.click_newBusBookingHelp(HelpPage.java:38)
	at tests.TestsType_Help.helpTypeNavigationTest(TestsType_Help.java:55)
	at sun.reflect.NativeMethodAccessorImpl.invoke0(Native Method)
	at sun.reflect.NativeMethodAccessorImpl.invoke(NativeMethodAccessorImpl.java:62)
	at sun.reflect.DelegatingMethodAccessorImpl.invoke(DelegatingMethodAccessorImpl.java:43)
	at java.lang.reflect.Method.invoke(Method.java:498)
	at org.testng.internal.MethodInvocationHelper.invokeMethod(MethodInvocationHelper.java:124)
	at org.testng.internal.Invoker.invokeMethod(Invoker.java:583)
	at org.testng.internal.Invoker.invokeTestMethod(Invoker.java:719)
	at org.testng.internal.Invoker.invokeTestMethods(Invoker.java:989)
	at org.testng.internal.TestMethodWorker.invokeTestMethods(TestMethodWorker.java:125)
	at org.testng.internal.TestMethodWorker.run(TestMethodWorker.java:109)
	at org.testng.TestRunner.privateRun(TestRunner.java:648)
	at org.testng.TestRunner.run(TestRunner.java:505)
	at org.testng.SuiteRunner.runTest(SuiteRunner.java:455)
	at org.testng.SuiteRunner.runSequentially(SuiteRunner.java:450)
	at org.testng.SuiteRunner.privateRun(SuiteRunner.java:415)
	at org.testng.SuiteRunner.run(SuiteRunner.java:364)
	at org.testng.SuiteRunnerWorker.runSuite(SuiteRunnerWorker.java:52)
	at org.testng.SuiteRunnerWorker.run(SuiteRunnerWorker.java:84)
	at org.testng.TestNG.runSuitesSequentially(TestNG.java:1208)
	at org.testng.TestNG.runSuitesLocally(TestNG.java:1137)
	at org.testng.TestNG.runSuites(TestNG.java:1049)
	at org.testng.TestNG.run(TestNG.java:1017)
	at org.apache.maven.surefire.testng.TestNGExecutor.run(TestNGExecutor.java:284)
	at org.apache.maven.surefire.testng.TestNGXmlTestSuite.execute(TestNGXmlTestSuite.java:75)
	at org.apache.maven.surefire.testng.TestNGProvider.invoke(TestNGProvider.java:119)
	at org.apache.maven.surefire.booter.ForkedBooter.runSuitesInProcess(ForkedBooter.java:428)
	at org.apache.maven.surefire.booter.ForkedBooter.execute(ForkedBooter.java:162)
	at org.apache.maven.surefire.booter.ForkedBooter.run(ForkedBooter.java:562)
	at org.apache.maven.surefire.booter.ForkedBooter.main(ForkedBooter.java:548)
</pre></div></td>
<td>57</td>
<td>tests.TestsType_Help@7e6f74c</td></tr>
<tr>
<td title='tests.TestsType_Help.help_viewAllChatsNavigationTest()'><b>help_viewAllChatsNavigationTest</b><br>Test class: tests.TestsType_Help</td>
<td><div><pre>org.openqa.selenium.NoSuchElementException: no such element: Unable to locate element: {&quot;method&quot;:&quot;xpath&quot;,&quot;selector&quot;:&quot;//*[@id=&quot;reactContentMount&quot;]/div/div[2]/div[2]/div&quot;}
  (Session info: chrome=91.0.4472.124)
For documentation on this error, please visit: https://www.seleniumhq.org/exceptions/no_such_element.html
Build info: version: &apos;3.141.59&apos;, revision: &apos;e82be7d358&apos;, time: &apos;2018-11-14T08:17:03&apos;
System info: host: &apos;PUJAARORA&apos;, ip: &apos;172.22.64.1&apos;, os.name: &apos;Windows 10&apos;, os.arch: &apos;amd64&apos;, os.version: &apos;10.0&apos;, java.version: &apos;1.8.0_221&apos;
Driver info: org.openqa.selenium.chrome.ChromeDriver
Capabilities {acceptInsecureCerts: false, browserName: chrome, browserVersion: 91.0.4472.124, chrome: {chromedriverVersion: 91.0.4472.101 (af52a90bf870..., userDataDir: C:\Users\PUJAAR~1\AppData\L...}, goog:chromeOptions: {debuggerAddress: localhost:53494}, javascriptEnabled: true, networkConnectionEnabled: false, pageLoadStrategy: normal, platform: WINDOWS, platformName: WINDOWS, proxy: Proxy(), setWindowRect: true, strictFileInteractability: false, timeouts: {implicit: 0, pageLoad: 300000, script: 30000}, unhandledPromptBehavior: dismiss and notify, webauthn:extension:largeBlob: true, webauthn:virtualAuthenticators: true}
Session ID: b328a196b2779d3c223861335253a89a
*** Element info: {Using=xpath, value=//*[@id=&quot;reactContentMount&quot;]/div/div[2]/div[2]/div}
	at org.openqa.selenium.remote.http.W3CHttpResponseCodec.createException(W3CHttpResponseCodec.java:187)
	at org.openqa.selenium.remote.http.W3CHttpResponseCodec.decode(W3CHttpResponseCodec.java:122)
	at org.openqa.selenium.remote.http.W3CHttpResponseCodec.decode(W3CHttpResponseCodec.java:49)
	at org.openqa.selenium.remote.HttpCommandExecutor.execute(HttpCommandExecutor.java:158)
	at org.openqa.selenium.remote.service.DriverCommandExecutor.execute(DriverCommandExecutor.java:83)
	at org.openqa.selenium.remote.RemoteWebDriver.execute(RemoteWebDriver.java:552)
	at org.openqa.selenium.remote.RemoteWebDriver.findElement(RemoteWebDriver.java:323)
	at org.openqa.selenium.remote.RemoteWebDriver.findElementByXPath(RemoteWebDriver.java:428)
	at org.openqa.selenium.By$ByXPath.findElement(By.java:353)
	at org.openqa.selenium.remote.RemoteWebDriver.findElement(RemoteWebDriver.java:315)
	at org.openqa.selenium.support.pagefactory.DefaultElementLocator.findElement(DefaultElementLocator.java:69)
	at org.openqa.selenium.support.pagefactory.internal.LocatingElementHandler.invoke(LocatingElementHandler.java:38)
	at com.sun.proxy.$Proxy27.click(Unknown Source)
	at pages.HelpPage.click_viewLastChat(HelpPage.java:85)
	at tests.TestsType_Help.help_viewAllChatsNavigationTest(TestsType_Help.java:180)
... Removed 33 stack frames</pre></div><a href='#' onClick='toggleBox("stack-trace1956602275", this, "Click to show all stack frames", "Click to hide stack frames")'>Click to show all stack frames</a>
<div class='stack-trace' id='stack-trace1956602275'><pre>org.openqa.selenium.NoSuchElementException: no such element: Unable to locate element: {&quot;method&quot;:&quot;xpath&quot;,&quot;selector&quot;:&quot;//*[@id=&quot;reactContentMount&quot;]/div/div[2]/div[2]/div&quot;}
  (Session info: chrome=91.0.4472.124)
For documentation on this error, please visit: https://www.seleniumhq.org/exceptions/no_such_element.html
Build info: version: &apos;3.141.59&apos;, revision: &apos;e82be7d358&apos;, time: &apos;2018-11-14T08:17:03&apos;
System info: host: &apos;PUJAARORA&apos;, ip: &apos;172.22.64.1&apos;, os.name: &apos;Windows 10&apos;, os.arch: &apos;amd64&apos;, os.version: &apos;10.0&apos;, java.version: &apos;1.8.0_221&apos;
Driver info: org.openqa.selenium.chrome.ChromeDriver
Capabilities {acceptInsecureCerts: false, browserName: chrome, browserVersion: 91.0.4472.124, chrome: {chromedriverVersion: 91.0.4472.101 (af52a90bf870..., userDataDir: C:\Users\PUJAAR~1\AppData\L...}, goog:chromeOptions: {debuggerAddress: localhost:53494}, javascriptEnabled: true, networkConnectionEnabled: false, pageLoadStrategy: normal, platform: WINDOWS, platformName: WINDOWS, proxy: Proxy(), setWindowRect: true, strictFileInteractability: false, timeouts: {implicit: 0, pageLoad: 300000, script: 30000}, unhandledPromptBehavior: dismiss and notify, webauthn:extension:largeBlob: true, webauthn:virtualAuthenticators: true}
Session ID: b328a196b2779d3c223861335253a89a
*** Element info: {Using=xpath, value=//*[@id=&quot;reactContentMount&quot;]/div/div[2]/div[2]/div}
	at sun.reflect.NativeConstructorAccessorImpl.newInstance0(Native Method)
	at sun.reflect.NativeConstructorAccessorImpl.newInstance(NativeConstructorAccessorImpl.java:62)
	at sun.reflect.DelegatingConstructorAccessorImpl.newInstance(DelegatingConstructorAccessorImpl.java:45)
	at java.lang.reflect.Constructor.newInstance(Constructor.java:423)
	at org.openqa.selenium.remote.http.W3CHttpResponseCodec.createException(W3CHttpResponseCodec.java:187)
	at org.openqa.selenium.remote.http.W3CHttpResponseCodec.decode(W3CHttpResponseCodec.java:122)
	at org.openqa.selenium.remote.http.W3CHttpResponseCodec.decode(W3CHttpResponseCodec.java:49)
	at org.openqa.selenium.remote.HttpCommandExecutor.execute(HttpCommandExecutor.java:158)
	at org.openqa.selenium.remote.service.DriverCommandExecutor.execute(DriverCommandExecutor.java:83)
	at org.openqa.selenium.remote.RemoteWebDriver.execute(RemoteWebDriver.java:552)
	at org.openqa.selenium.remote.RemoteWebDriver.findElement(RemoteWebDriver.java:323)
	at org.openqa.selenium.remote.RemoteWebDriver.findElementByXPath(RemoteWebDriver.java:428)
	at org.openqa.selenium.By$ByXPath.findElement(By.java:353)
	at org.openqa.selenium.remote.RemoteWebDriver.findElement(RemoteWebDriver.java:315)
	at org.openqa.selenium.support.pagefactory.DefaultElementLocator.findElement(DefaultElementLocator.java:69)
	at org.openqa.selenium.support.pagefactory.internal.LocatingElementHandler.invoke(LocatingElementHandler.java:38)
	at com.sun.proxy.$Proxy27.click(Unknown Source)
	at pages.HelpPage.click_viewLastChat(HelpPage.java:85)
	at tests.TestsType_Help.help_viewAllChatsNavigationTest(TestsType_Help.java:180)
	at sun.reflect.NativeMethodAccessorImpl.invoke0(Native Method)
	at sun.reflect.NativeMethodAccessorImpl.invoke(NativeMethodAccessorImpl.java:62)
	at sun.reflect.DelegatingMethodAccessorImpl.invoke(DelegatingMethodAccessorImpl.java:43)
	at java.lang.reflect.Method.invoke(Method.java:498)
	at org.testng.internal.MethodInvocationHelper.invokeMethod(MethodInvocationHelper.java:124)
	at org.testng.internal.Invoker.invokeMethod(Invoker.java:583)
	at org.testng.internal.Invoker.invokeTestMethod(Invoker.java:719)
	at org.testng.internal.Invoker.invokeTestMethods(Invoker.java:989)
	at org.testng.internal.TestMethodWorker.invokeTestMethods(TestMethodWorker.java:125)
	at org.testng.internal.TestMethodWorker.run(TestMethodWorker.java:109)
	at org.testng.TestRunner.privateRun(TestRunner.java:648)
	at org.testng.TestRunner.run(TestRunner.java:505)
	at org.testng.SuiteRunner.runTest(SuiteRunner.java:455)
	at org.testng.SuiteRunner.runSequentially(SuiteRunner.java:450)
	at org.testng.SuiteRunner.privateRun(SuiteRunner.java:415)
	at org.testng.SuiteRunner.run(SuiteRunner.java:364)
	at org.testng.SuiteRunnerWorker.runSuite(SuiteRunnerWorker.java:52)
	at org.testng.SuiteRunnerWorker.run(SuiteRunnerWorker.java:84)
	at org.testng.TestNG.runSuitesSequentially(TestNG.java:1208)
	at org.testng.TestNG.runSuitesLocally(TestNG.java:1137)
	at org.testng.TestNG.runSuites(TestNG.java:1049)
	at org.testng.TestNG.run(TestNG.java:1017)
	at org.apache.maven.surefire.testng.TestNGExecutor.run(TestNGExecutor.java:284)
	at org.apache.maven.surefire.testng.TestNGXmlTestSuite.execute(TestNGXmlTestSuite.java:75)
	at org.apache.maven.surefire.testng.TestNGProvider.invoke(TestNGProvider.java:119)
	at org.apache.maven.surefire.booter.ForkedBooter.runSuitesInProcess(ForkedBooter.java:428)
	at org.apache.maven.surefire.booter.ForkedBooter.execute(ForkedBooter.java:162)
	at org.apache.maven.surefire.booter.ForkedBooter.run(ForkedBooter.java:562)
	at org.apache.maven.surefire.booter.ForkedBooter.main(ForkedBooter.java:548)
</pre></div></td>
<td>70</td>
<td>tests.TestsType_Help@7e6f74c</td></tr>
</table><p>
<table width='100%' border='1' class='invocation-passed'>
<tr><td colspan='4' align='center'><b>PASSED TESTS</b></td></tr>
<tr><td><b>Test method</b></td>
<td width="30%"><b>Exception</b></td>
<td width="10%"><b>Time (seconds)</b></td>
<td><b>Instance</b></td>
</tr>
<tr>
<td title='tests.TestsType_ChangeTravelDate.ChangeTravelDate_invalidtin_invalidemail()'><b>ChangeTravelDate_invalidtin_invalidemail</b><br>Test class: tests.TestsType_ChangeTravelDate</td>
<td></td>
<td>12</td>
<td>tests.TestsType_ChangeTravelDate@1573f9fc</td></tr>
<tr>
<td title='tests.TestsType_ChangeTravelDate.ChangeTravelDate_invalidtin_validemail()'><b>ChangeTravelDate_invalidtin_validemail</b><br>Test class: tests.TestsType_ChangeTravelDate</td>
<td></td>
<td>12</td>
<td>tests.TestsType_ChangeTravelDate@1573f9fc</td></tr>
<tr>
<td title='tests.TestsType_ChangeTravelDate.ChangeTravelDate_validtin_invalidemail()'><b>ChangeTravelDate_validtin_invalidemail</b><br>Test class: tests.TestsType_ChangeTravelDate</td>
<td></td>
<td>12</td>
<td>tests.TestsType_ChangeTravelDate@1573f9fc</td></tr>
<tr>
<td title='tests.TestsType_ChangeTravelDate.ChangeTravelDate_validtin_validemail()'><b>ChangeTravelDate_validtin_validemail</b><br>Test class: tests.TestsType_ChangeTravelDate</td>
<td></td>
<td>10</td>
<td>tests.TestsType_ChangeTravelDate@1573f9fc</td></tr>
<tr>
<td title='tests.TestsType_BookSeat.bookSeat_loggedInRedBusAccount()'><b>bookSeat_loggedInRedBusAccount</b><br>Test class: tests.TestsType_BookSeat</td>
<td></td>
<td>101</td>
<td>tests.TestsType_BookSeat@7586beff</td></tr>
<tr>
<td title='tests.TestsType_BusHire.busHireOptionsNavigationTest()'><b>busHireOptionsNavigationTest</b><br>Test class: tests.TestsType_BusHire</td>
<td></td>
<td>32</td>
<td>tests.TestsType_BusHire@dd05255</td></tr>
<tr>
<td title='tests.TestsType_CancelTicket.cancelTicket_invalidtin_invalidemail()'><b>cancelTicket_invalidtin_invalidemail</b><br>Test class: tests.TestsType_CancelTicket</td>
<td></td>
<td>13</td>
<td>tests.TestsType_CancelTicket@5542c4ed</td></tr>
<tr>
<td title='tests.TestsType_CancelTicket.cancelTicket_invalidtin_validemail()'><b>cancelTicket_invalidtin_validemail</b><br>Test class: tests.TestsType_CancelTicket</td>
<td></td>
<td>13</td>
<td>tests.TestsType_CancelTicket@5542c4ed</td></tr>
<tr>
<td title='tests.TestsType_CancelTicket.cancelTicket_validtin_invalidemail()'><b>cancelTicket_validtin_invalidemail</b><br>Test class: tests.TestsType_CancelTicket</td>
<td></td>
<td>13</td>
<td>tests.TestsType_CancelTicket@5542c4ed</td></tr>
<tr>
<td title='tests.TestsType_CancelTicket.cancelTicket_validtin_validemail()'><b>cancelTicket_validtin_validemail</b><br>Test class: tests.TestsType_CancelTicket</td>
<td></td>
<td>10</td>
<td>tests.TestsType_CancelTicket@5542c4ed</td></tr>
<tr>
<td title='tests.TestsType_EmailSmsTicket.emailSmsTicket_invalidtin_invalidemail()'><b>emailSmsTicket_invalidtin_invalidemail</b><br>Test class: tests.TestsType_EmailSmsTicket</td>
<td></td>
<td>11</td>
<td>tests.TestsType_EmailSmsTicket@44c03695</td></tr>
<tr>
<td title='tests.TestsType_EmailSmsTicket.emailSmsTicket_invalidtin_validemail()'><b>emailSmsTicket_invalidtin_validemail</b><br>Test class: tests.TestsType_EmailSmsTicket</td>
<td></td>
<td>10</td>
<td>tests.TestsType_EmailSmsTicket@44c03695</td></tr>
<tr>
<td title='tests.TestsType_EmailSmsTicket.emailSmsTicket_validtin_invalidemail()'><b>emailSmsTicket_validtin_invalidemail</b><br>Test class: tests.TestsType_EmailSmsTicket</td>
<td></td>
<td>10</td>
<td>tests.TestsType_EmailSmsTicket@44c03695</td></tr>
<tr>
<td title='tests.TestsType_EmailSmsTicket.emailSmsTicket_validtin_validemail()'><b>emailSmsTicket_validtin_validemail</b><br>Test class: tests.TestsType_EmailSmsTicket</td>
<td></td>
<td>10</td>
<td>tests.TestsType_EmailSmsTicket@44c03695</td></tr>
<tr>
<td title='tests.TestsType_BusHire.employeeTransportTest_Invalid_BlankFields()'><b>employeeTransportTest_Invalid_BlankFields</b><br>Test class: tests.TestsType_BusHire</td>
<td></td>
<td>26</td>
<td>tests.TestsType_BusHire@dd05255</td></tr>
<tr>
<td title='tests.TestsType_BusHire.employeeTransportTest_invalidEmailAndPhn()'><b>employeeTransportTest_invalidEmailAndPhn</b><br>Test class: tests.TestsType_BusHire</td>
<td></td>
<td>26</td>
<td>tests.TestsType_BusHire@dd05255</td></tr>
<tr>
<td title='tests.TestsType_Login.loginWithFacebookTest()'><b>loginWithFacebookTest</b><br>Test class: tests.TestsType_Login</td>
<td></td>
<td>45</td>
<td>tests.TestsType_Login@3b69e7d1</td></tr>
<tr>
<td title='tests.TestsType_Login.loginWithGoogleTest()'><b>loginWithGoogleTest</b><br>Test class: tests.TestsType_Login</td>
<td></td>
<td>60</td>
<td>tests.TestsType_Login@3b69e7d1</td></tr>
<tr>
<td title='tests.TestsType_Login.loginWithPhnNoInValidTest()'><b>loginWithPhnNoInValidTest</b><br>Test class: tests.TestsType_Login</td>
<td></td>
<td>15</td>
<td>tests.TestsType_Login@3b69e7d1</td></tr>
<tr>
<td title='tests.TestsType_Login.loginWithPhnNoValidTest()'><b>loginWithPhnNoValidTest</b><br>Test class: tests.TestsType_Login</td>
<td></td>
<td>15</td>
<td>tests.TestsType_Login@3b69e7d1</td></tr>
<tr>
<td title='tests.TestsType_SearchCityNameAndDateTest.searchtest()'><b>searchtest</b><br>Test class: tests.TestsType_SearchCityNameAndDateTest</td>
<td></td>
<td>77</td>
<td>tests.TestsType_SearchCityNameAndDateTest@815b41f</td></tr>
<tr>
<td title='tests.TestsType_ShowMyTicket.showMyTicket_invalidtin_invalidemail()'><b>showMyTicket_invalidtin_invalidemail</b><br>Test class: tests.TestsType_ShowMyTicket</td>
<td></td>
<td>10</td>
<td>tests.TestsType_ShowMyTicket@6150c3ec</td></tr>
<tr>
<td title='tests.TestsType_ShowMyTicket.showMyTicket_invalidtin_validemail()'><b>showMyTicket_invalidtin_validemail</b><br>Test class: tests.TestsType_ShowMyTicket</td>
<td></td>
<td>10</td>
<td>tests.TestsType_ShowMyTicket@6150c3ec</td></tr>
<tr>
<td title='tests.TestsType_ShowMyTicket.showMyTicket_validtin_invalidemail()'><b>showMyTicket_validtin_invalidemail</b><br>Test class: tests.TestsType_ShowMyTicket</td>
<td></td>
<td>10</td>
<td>tests.TestsType_ShowMyTicket@6150c3ec</td></tr>
<tr>
<td title='tests.TestsType_ShowMyTicket.showMyTicket_validtin_validemail()'><b>showMyTicket_validtin_validemail</b><br>Test class: tests.TestsType_ShowMyTicket</td>
<td></td>
<td>10</td>
<td>tests.TestsType_ShowMyTicket@6150c3ec</td></tr>
</table><p>
</body>
</html>