<?xml version="1.0" encoding="UTF-8"?>
<!-- Generated by org.testng.reporters.JUnitXMLReporter -->
<testsuite hostname="pujaarora" ignored="16" name="Test" tests="27" failures="2" timestamp="05 Jul 2021 16:06:16 GMT" time="1330.932" errors="0">
  <testcase name="bookSeat_loggedInRedBusAccount" time="101.444" classname="tests.TestsType_BookSeat"/>
  <testcase name="loginWithFacebookTest" time="45.477" classname="tests.TestsType_Login"/>
  <testcase name="loginWithGoogleTest" time="60.925" classname="tests.TestsType_Login"/>
  <testcase name="loginWithPhnNoInValidTest" time="15.445" classname="tests.TestsType_Login"/>
  <testcase name="loginWithPhnNoValidTest" time="15.459" classname="tests.TestsType_Login"/>
  <testcase name="searchtest" time="77.259" classname="tests.TestsType_SearchCityNameAndDateTest"/>
  <testcase name="cancelTicket_invalidtin_invalidemail" time="13.19" classname="tests.TestsType_CancelTicket"/>
  <testcase name="cancelTicket_invalidtin_validemail" time="13.01" classname="tests.TestsType_CancelTicket"/>
  <testcase name="cancelTicket_validtin_invalidemail" time="13.281" classname="tests.TestsType_CancelTicket"/>
  <testcase name="cancelTicket_validtin_validemail" time="10.041" classname="tests.TestsType_CancelTicket"/>
  <testcase name="ChangeTravelDate_invalidtin_invalidemail" time="12.96" classname="tests.TestsType_ChangeTravelDate"/>
  <testcase name="ChangeTravelDate_invalidtin_validemail" time="12.985" classname="tests.TestsType_ChangeTravelDate"/>
  <testcase name="ChangeTravelDate_validtin_invalidemail" time="12.911" classname="tests.TestsType_ChangeTravelDate"/>
  <testcase name="ChangeTravelDate_validtin_validemail" time="10.002" classname="tests.TestsType_ChangeTravelDate"/>
  <testcase name="showMyTicket_invalidtin_invalidemail" time="10.293" classname="tests.TestsType_ShowMyTicket"/>
  <testcase name="showMyTicket_invalidtin_validemail" time="10.389" classname="tests.TestsType_ShowMyTicket"/>
  <testcase name="showMyTicket_validtin_invalidemail" time="10.633" classname="tests.TestsType_ShowMyTicket"/>
  <testcase name="showMyTicket_validtin_validemail" time="10.616" classname="tests.TestsType_ShowMyTicket"/>
  <testcase name="emailSmsTicket_invalidtin_invalidemail" time="11.466" classname="tests.TestsType_EmailSmsTicket"/>
  <testcase name="emailSmsTicket_invalidtin_validemail" time="10.963" classname="tests.TestsType_EmailSmsTicket"/>
  <testcase name="emailSmsTicket_validtin_invalidemail" time="10.634" classname="tests.TestsType_EmailSmsTicket"/>
  <testcase name="emailSmsTicket_validtin_validemail" time="10.644" classname="tests.TestsType_EmailSmsTicket"/>
  <testcase name="helpTypeNavigationTest" time="57.287" classname="tests.TestsType_Help">
    <failure type="org.openqa.selenium.NoSuchWindowException" message="no such window
  (Session info: chrome=91.0.4472.124)
Build info: version: &amp;apos;3.141.59&amp;apos;, revision: &amp;apos;e82be7d358&amp;apos;, time: &amp;apos;2018-11-14T08:17:03&amp;apos;
System info: host: &amp;apos;PUJAARORA&amp;apos;, ip: &amp;apos;172.22.64.1&amp;apos;, os.name: &amp;apos;Windows 10&amp;apos;, os.arch: &amp;apos;amd64&amp;apos;, os.version: &amp;apos;10.0&amp;apos;, java.version: &amp;apos;1.8.0_221&amp;apos;
Driver info: org.openqa.selenium.chrome.ChromeDriver
Capabilities {acceptInsecureCerts: false, browserName: chrome, browserVersion: 91.0.4472.124, chrome: {chromedriverVersion: 91.0.4472.101 (af52a90bf870..., userDataDir: C:\Users\PUJAAR~1\AppData\L...}, goog:chromeOptions: {debuggerAddress: localhost:59250}, javascriptEnabled: true, networkConnectionEnabled: false, pageLoadStrategy: normal, platform: WINDOWS, platformName: WINDOWS, proxy: Proxy(), setWindowRect: true, strictFileInteractability: false, timeouts: {implicit: 0, pageLoad: 300000, script: 30000}, unhandledPromptBehavior: dismiss and notify, webauthn:extension:largeBlob: true, webauthn:virtualAuthenticators: true}
Session ID: 0fed5fb2164dbdbbf5addba32817e43b">
      <![CDATA[org.openqa.selenium.NoSuchWindowException: no such window
  (Session info: chrome=91.0.4472.124)
Build info: version: '3.141.59', revision: 'e82be7d358', time: '2018-11-14T08:17:03'
System info: host: 'PUJAARORA', ip: '172.22.64.1', os.name: 'Windows 10', os.arch: 'amd64', os.version: '10.0', java.version: '1.8.0_221'
Driver info: org.openqa.selenium.chrome.ChromeDriver
Capabilities {acceptInsecureCerts: false, browserName: chrome, browserVersion: 91.0.4472.124, chrome: {chromedriverVersion: 91.0.4472.101 (af52a90bf870..., userDataDir: C:\Users\PUJAAR~1\AppData\L...}, goog:chromeOptions: {debuggerAddress: localhost:59250}, javascriptEnabled: true, networkConnectionEnabled: false, pageLoadStrategy: normal, platform: WINDOWS, platformName: WINDOWS, proxy: Proxy(), setWindowRect: true, strictFileInteractability: false, timeouts: {implicit: 0, pageLoad: 300000, script: 30000}, unhandledPromptBehavior: dismiss and notify, webauthn:extension:largeBlob: true, webauthn:virtualAuthenticators: true}
Session ID: 0fed5fb2164dbdbbf5addba32817e43b
at org.openqa.selenium.remote.http.W3CHttpResponseCodec.createException(W3CHttpResponseCodec.java:187)
at org.openqa.selenium.remote.http.W3CHttpResponseCodec.decode(W3CHttpResponseCodec.java:122)
at org.openqa.selenium.remote.http.W3CHttpResponseCodec.decode(W3CHttpResponseCodec.java:49)
at org.openqa.selenium.remote.HttpCommandExecutor.execute(HttpCommandExecutor.java:158)
at org.openqa.selenium.remote.service.DriverCommandExecutor.execute(DriverCommandExecutor.java:83)
at org.openqa.selenium.remote.RemoteWebDriver.execute(RemoteWebDriver.java:552)
at org.openqa.selenium.remote.RemoteWebElement.execute(RemoteWebElement.java:285)
at org.openqa.selenium.remote.RemoteWebElement.click(RemoteWebElement.java:84)
at org.openqa.selenium.support.pagefactory.internal.LocatingElementHandler.invoke(LocatingElementHandler.java:51)
at com.sun.proxy.$Proxy27.click(Unknown Source)
at pages.HelpPage.click_newBusBookingHelp(HelpPage.java:38)
at tests.TestsType_Help.helpTypeNavigationTest(TestsType_Help.java:55)
... Removed 36 stack frames]]>
    </failure>
  </testcase> <!-- helpTypeNavigationTest -->
  <testcase name="help_viewAllChatsNavigationTest" time="70.542" classname="tests.TestsType_Help">
    <failure type="org.openqa.selenium.NoSuchElementException" message="no such element: Unable to locate element: {&amp;quot;method&amp;quot;:&amp;quot;xpath&amp;quot;,&amp;quot;selector&amp;quot;:&amp;quot;//*[@id=&amp;quot;reactContentMount&amp;quot;]/div/div[2]/div[2]/div&amp;quot;}
  (Session info: chrome=91.0.4472.124)
For documentation on this error, please visit: https://www.seleniumhq.org/exceptions/no_such_element.html
Build info: version: &amp;apos;3.141.59&amp;apos;, revision: &amp;apos;e82be7d358&amp;apos;, time: &amp;apos;2018-11-14T08:17:03&amp;apos;
System info: host: &amp;apos;PUJAARORA&amp;apos;, ip: &amp;apos;172.22.64.1&amp;apos;, os.name: &amp;apos;Windows 10&amp;apos;, os.arch: &amp;apos;amd64&amp;apos;, os.version: &amp;apos;10.0&amp;apos;, java.version: &amp;apos;1.8.0_221&amp;apos;
Driver info: org.openqa.selenium.chrome.ChromeDriver
Capabilities {acceptInsecureCerts: false, browserName: chrome, browserVersion: 91.0.4472.124, chrome: {chromedriverVersion: 91.0.4472.101 (af52a90bf870..., userDataDir: C:\Users\PUJAAR~1\AppData\L...}, goog:chromeOptions: {debuggerAddress: localhost:53494}, javascriptEnabled: true, networkConnectionEnabled: false, pageLoadStrategy: normal, platform: WINDOWS, platformName: WINDOWS, proxy: Proxy(), setWindowRect: true, strictFileInteractability: false, timeouts: {implicit: 0, pageLoad: 300000, script: 30000}, unhandledPromptBehavior: dismiss and notify, webauthn:extension:largeBlob: true, webauthn:virtualAuthenticators: true}
Session ID: b328a196b2779d3c223861335253a89a
*** Element info: {Using=xpath, value=//*[@id=&amp;quot;reactContentMount&amp;quot;]/div/div[2]/div[2]/div}">
      <![CDATA[org.openqa.selenium.NoSuchElementException: no such element: Unable to locate element: {"method":"xpath","selector":"//*[@id="reactContentMount"]/div/div[2]/div[2]/div"}
  (Session info: chrome=91.0.4472.124)
For documentation on this error, please visit: https://www.seleniumhq.org/exceptions/no_such_element.html
Build info: version: '3.141.59', revision: 'e82be7d358', time: '2018-11-14T08:17:03'
System info: host: 'PUJAARORA', ip: '172.22.64.1', os.name: 'Windows 10', os.arch: 'amd64', os.version: '10.0', java.version: '1.8.0_221'
Driver info: org.openqa.selenium.chrome.ChromeDriver
Capabilities {acceptInsecureCerts: false, browserName: chrome, browserVersion: 91.0.4472.124, chrome: {chromedriverVersion: 91.0.4472.101 (af52a90bf870..., userDataDir: C:\Users\PUJAAR~1\AppData\L...}, goog:chromeOptions: {debuggerAddress: localhost:53494}, javascriptEnabled: true, networkConnectionEnabled: false, pageLoadStrategy: normal, platform: WINDOWS, platformName: WINDOWS, proxy: Proxy(), setWindowRect: true, strictFileInteractability: false, timeouts: {implicit: 0, pageLoad: 300000, script: 30000}, unhandledPromptBehavior: dismiss and notify, webauthn:extension:largeBlob: true, webauthn:virtualAuthenticators: true}
Session ID: b328a196b2779d3c223861335253a89a
*** Element info: {Using=xpath, value=//*[@id="reactContentMount"]/div/div[2]/div[2]/div}
at org.openqa.selenium.remote.http.W3CHttpResponseCodec.createException(W3CHttpResponseCodec.java:187)
at org.openqa.selenium.remote.http.W3CHttpResponseCodec.decode(W3CHttpResponseCodec.java:122)
at org.openqa.selenium.remote.http.W3CHttpResponseCodec.decode(W3CHttpResponseCodec.java:49)
at org.openqa.selenium.remote.HttpCommandExecutor.execute(HttpCommandExecutor.java:158)
at org.openqa.selenium.remote.service.DriverCommandExecutor.execute(DriverCommandExecutor.java:83)
at org.openqa.selenium.remote.RemoteWebDriver.execute(RemoteWebDriver.java:552)
at org.openqa.selenium.remote.RemoteWebDriver.findElement(RemoteWebDriver.java:323)
at org.openqa.selenium.remote.RemoteWebDriver.findElementByXPath(RemoteWebDriver.java:428)
at org.openqa.selenium.By$ByXPath.findElement(By.java:353)
at org.openqa.selenium.remote.RemoteWebDriver.findElement(RemoteWebDriver.java:315)
at org.openqa.selenium.support.pagefactory.DefaultElementLocator.findElement(DefaultElementLocator.java:69)
at org.openqa.selenium.support.pagefactory.internal.LocatingElementHandler.invoke(LocatingElementHandler.java:38)
at com.sun.proxy.$Proxy27.click(Unknown Source)
at pages.HelpPage.click_viewLastChat(HelpPage.java:85)
at tests.TestsType_Help.help_viewAllChatsNavigationTest(TestsType_Help.java:180)
... Removed 33 stack frames]]>
    </failure>
  </testcase> <!-- help_viewAllChatsNavigationTest -->
  <testcase name="busHireOptionsNavigationTest" time="32.417" classname="tests.TestsType_BusHire"/>
  <testcase name="employeeTransportTest_Invalid_BlankFields" time="26.493" classname="tests.TestsType_BusHire"/>
  <testcase name="employeeTransportTest_invalidEmailAndPhn" time="26.246" classname="tests.TestsType_BusHire"/>
  <testcase name="@BeforeSuite setExtent" time="0.0" classname="tests.Test_BaseTest">
    <ignored/>
  </testcase> <!-- @BeforeSuite setExtent -->
  <testcase name="@BeforeSuite setExtent" time="0.0" classname="tests.Test_BaseTest">
    <ignored/>
  </testcase> <!-- @BeforeSuite setExtent -->
  <testcase name="@BeforeSuite setExtent" time="0.0" classname="tests.Test_BaseTest">
    <ignored/>
  </testcase> <!-- @BeforeSuite setExtent -->
  <testcase name="@BeforeSuite setExtent" time="0.0" classname="tests.Test_BaseTest">
    <ignored/>
  </testcase> <!-- @BeforeSuite setExtent -->
  <testcase name="@BeforeSuite setExtent" time="0.0" classname="tests.Test_BaseTest">
    <ignored/>
  </testcase> <!-- @BeforeSuite setExtent -->
  <testcase name="@BeforeSuite setExtent" time="0.0" classname="tests.Test_BaseTest">
    <ignored/>
  </testcase> <!-- @BeforeSuite setExtent -->
  <testcase name="@BeforeSuite setExtent" time="0.0" classname="tests.Test_BaseTest">
    <ignored/>
  </testcase> <!-- @BeforeSuite setExtent -->
  <testcase name="@BeforeSuite setExtent" time="0.0" classname="tests.Test_BaseTest">
    <ignored/>
  </testcase> <!-- @BeforeSuite setExtent -->
  <testcase name="@AfterSuite endReport" time="0.0" classname="tests.Test_BaseTest">
    <ignored/>
  </testcase> <!-- @AfterSuite endReport -->
  <testcase name="@AfterSuite endReport" time="0.0" classname="tests.Test_BaseTest">
    <ignored/>
  </testcase> <!-- @AfterSuite endReport -->
  <testcase name="@AfterSuite endReport" time="0.0" classname="tests.Test_BaseTest">
    <ignored/>
  </testcase> <!-- @AfterSuite endReport -->
  <testcase name="@AfterSuite endReport" time="0.0" classname="tests.Test_BaseTest">
    <ignored/>
  </testcase> <!-- @AfterSuite endReport -->
  <testcase name="@AfterSuite endReport" time="0.0" classname="tests.Test_BaseTest">
    <ignored/>
  </testcase> <!-- @AfterSuite endReport -->
  <testcase name="@AfterSuite endReport" time="0.0" classname="tests.Test_BaseTest">
    <ignored/>
  </testcase> <!-- @AfterSuite endReport -->
  <testcase name="@AfterSuite endReport" time="0.0" classname="tests.Test_BaseTest">
    <ignored/>
  </testcase> <!-- @AfterSuite endReport -->
  <testcase name="@AfterSuite endReport" time="0.0" classname="tests.Test_BaseTest">
    <ignored/>
  </testcase> <!-- @AfterSuite endReport -->
</testsuite> <!-- Test -->
