<?xml version="1.0" encoding="UTF-8"?>
<testng-results skipped="0" failed="2" ignored="16" total="43" passed="25">
  <reporter-output>
  </reporter-output>
  <suite name="Suite" duration-ms="1330932" started-at="2021-07-05T15:44:05Z" finished-at="2021-07-05T16:06:16Z">
    <groups>
    </groups>
    <test name="Test" duration-ms="1330932" started-at="2021-07-05T15:44:05Z" finished-at="2021-07-05T16:06:16Z">
      <class name="tests.TestsType_ChangeTravelDate">
        <test-method status="PASS" signature="refreshFile()[pri:0, instance:tests.TestsType_ChangeTravelDate@1573f9fc]" name="refreshFile" is-config="true" duration-ms="24" started-at="2021-07-05T15:53:31Z" finished-at="2021-07-05T15:53:31Z">
          <reporter-output>
          </reporter-output>
        </test-method> <!-- refreshFile -->
        <test-method status="PASS" signature="initializeWebDriver()[pri:0, instance:tests.TestsType_ChangeTravelDate@1573f9fc]" name="initializeWebDriver" is-config="true" duration-ms="20155" started-at="2021-07-05T15:53:31Z" finished-at="2021-07-05T15:53:51Z">
          <reporter-output>
          </reporter-output>
        </test-method> <!-- initializeWebDriver -->
        <test-method status="PASS" signature="ChangeTravelDate_invalidtin_invalidemail()[pri:0, instance:tests.TestsType_ChangeTravelDate@1573f9fc]" name="ChangeTravelDate_invalidtin_invalidemail" duration-ms="12960" started-at="2021-07-05T15:53:51Z" finished-at="2021-07-05T15:54:04Z">
          <reporter-output>
          </reporter-output>
        </test-method> <!-- ChangeTravelDate_invalidtin_invalidemail -->
        <test-method status="PASS" signature="endTestAndCloseBrowser(org.testng.ITestResult)[pri:0, instance:tests.TestsType_ChangeTravelDate@1573f9fc]" name="endTestAndCloseBrowser" is-config="true" duration-ms="631" started-at="2021-07-05T15:54:04Z" finished-at="2021-07-05T15:54:04Z">
          <params>
            <param index="0">
              <value>
                <![CDATA[[TestResult name=ChangeTravelDate_invalidtin_invalidemail status=SUCCESS method=TestsType_ChangeTravelDate.ChangeTravelDate_invalidtin_invalidemail()[pri:0, instance:tests.TestsType_ChangeTravelDate@1573f9fc] output={null}]]]>
              </value>
            </param>
          </params>
          <reporter-output>
          </reporter-output>
        </test-method> <!-- endTestAndCloseBrowser -->
        <test-method status="PASS" signature="initializeWebDriver()[pri:0, instance:tests.TestsType_ChangeTravelDate@1573f9fc]" name="initializeWebDriver" is-config="true" duration-ms="25323" started-at="2021-07-05T15:54:04Z" finished-at="2021-07-05T15:54:30Z">
          <reporter-output>
          </reporter-output>
        </test-method> <!-- initializeWebDriver -->
        <test-method status="PASS" signature="ChangeTravelDate_invalidtin_validemail()[pri:0, instance:tests.TestsType_ChangeTravelDate@1573f9fc]" name="ChangeTravelDate_invalidtin_validemail" duration-ms="12985" started-at="2021-07-05T15:54:30Z" finished-at="2021-07-05T15:54:43Z">
          <reporter-output>
          </reporter-output>
        </test-method> <!-- ChangeTravelDate_invalidtin_validemail -->
        <test-method status="PASS" signature="endTestAndCloseBrowser(org.testng.ITestResult)[pri:0, instance:tests.TestsType_ChangeTravelDate@1573f9fc]" name="endTestAndCloseBrowser" is-config="true" duration-ms="635" started-at="2021-07-05T15:54:43Z" finished-at="2021-07-05T15:54:43Z">
          <params>
            <param index="0">
              <value>
                <![CDATA[[TestResult name=ChangeTravelDate_invalidtin_validemail status=SUCCESS method=TestsType_ChangeTravelDate.ChangeTravelDate_invalidtin_validemail()[pri:0, instance:tests.TestsType_ChangeTravelDate@1573f9fc] output={null}]]]>
              </value>
            </param>
          </params>
          <reporter-output>
          </reporter-output>
        </test-method> <!-- endTestAndCloseBrowser -->
        <test-method status="PASS" signature="initializeWebDriver()[pri:0, instance:tests.TestsType_ChangeTravelDate@1573f9fc]" name="initializeWebDriver" is-config="true" duration-ms="25231" started-at="2021-07-05T15:54:43Z" finished-at="2021-07-05T15:55:08Z">
          <reporter-output>
          </reporter-output>
        </test-method> <!-- initializeWebDriver -->
        <test-method status="PASS" signature="ChangeTravelDate_validtin_invalidemail()[pri:0, instance:tests.TestsType_ChangeTravelDate@1573f9fc]" name="ChangeTravelDate_validtin_invalidemail" duration-ms="12911" started-at="2021-07-05T15:55:08Z" finished-at="2021-07-05T15:55:21Z">
          <reporter-output>
          </reporter-output>
        </test-method> <!-- ChangeTravelDate_validtin_invalidemail -->
        <test-method status="PASS" signature="endTestAndCloseBrowser(org.testng.ITestResult)[pri:0, instance:tests.TestsType_ChangeTravelDate@1573f9fc]" name="endTestAndCloseBrowser" is-config="true" duration-ms="648" started-at="2021-07-05T15:55:21Z" finished-at="2021-07-05T15:55:22Z">
          <params>
            <param index="0">
              <value>
                <![CDATA[[TestResult name=ChangeTravelDate_validtin_invalidemail status=SUCCESS method=TestsType_ChangeTravelDate.ChangeTravelDate_validtin_invalidemail()[pri:0, instance:tests.TestsType_ChangeTravelDate@1573f9fc] output={null}]]]>
              </value>
            </param>
          </params>
          <reporter-output>
          </reporter-output>
        </test-method> <!-- endTestAndCloseBrowser -->
        <test-method status="PASS" signature="initializeWebDriver()[pri:0, instance:tests.TestsType_ChangeTravelDate@1573f9fc]" name="initializeWebDriver" is-config="true" duration-ms="25289" started-at="2021-07-05T15:55:22Z" finished-at="2021-07-05T15:55:47Z">
          <reporter-output>
          </reporter-output>
        </test-method> <!-- initializeWebDriver -->
        <test-method status="PASS" signature="ChangeTravelDate_validtin_validemail()[pri:0, instance:tests.TestsType_ChangeTravelDate@1573f9fc]" name="ChangeTravelDate_validtin_validemail" duration-ms="10002" started-at="2021-07-05T15:55:47Z" finished-at="2021-07-05T15:55:57Z">
          <reporter-output>
          </reporter-output>
        </test-method> <!-- ChangeTravelDate_validtin_validemail -->
        <test-method status="PASS" signature="endTestAndCloseBrowser(org.testng.ITestResult)[pri:0, instance:tests.TestsType_ChangeTravelDate@1573f9fc]" name="endTestAndCloseBrowser" is-config="true" duration-ms="625" started-at="2021-07-05T15:55:57Z" finished-at="2021-07-05T15:55:58Z">
          <params>
            <param index="0">
              <value>
                <![CDATA[[TestResult name=ChangeTravelDate_validtin_validemail status=SUCCESS method=TestsType_ChangeTravelDate.ChangeTravelDate_validtin_validemail()[pri:0, instance:tests.TestsType_ChangeTravelDate@1573f9fc] output={null}]]]>
              </value>
            </param>
          </params>
          <reporter-output>
          </reporter-output>
        </test-method> <!-- endTestAndCloseBrowser -->
      </class> <!-- tests.TestsType_ChangeTravelDate -->
      <class name="tests.TestsType_BookSeat">
        <test-method status="PASS" signature="setExtent()[pri:0, instance:tests.TestsType_BookSeat@7586beff]" name="setExtent" is-config="true" duration-ms="123" started-at="2021-07-05T15:44:05Z" finished-at="2021-07-05T15:44:05Z">
          <reporter-output>
          </reporter-output>
        </test-method> <!-- setExtent -->
        <test-method status="PASS" signature="initializeWebDriver()[pri:0, instance:tests.TestsType_BookSeat@7586beff]" name="initializeWebDriver" is-config="true" duration-ms="26888" started-at="2021-07-05T15:44:05Z" finished-at="2021-07-05T15:44:32Z">
          <reporter-output>
          </reporter-output>
        </test-method> <!-- initializeWebDriver -->
        <test-method status="PASS" signature="bookSeat_loggedInRedBusAccount()[pri:0, instance:tests.TestsType_BookSeat@7586beff]" name="bookSeat_loggedInRedBusAccount" duration-ms="101444" started-at="2021-07-05T15:44:32Z" finished-at="2021-07-05T15:46:13Z">
          <reporter-output>
          </reporter-output>
        </test-method> <!-- bookSeat_loggedInRedBusAccount -->
        <test-method status="PASS" signature="endTestAndCloseBrowser(org.testng.ITestResult)[pri:0, instance:tests.TestsType_BookSeat@7586beff]" name="endTestAndCloseBrowser" is-config="true" duration-ms="691" started-at="2021-07-05T15:46:13Z" finished-at="2021-07-05T15:46:14Z">
          <params>
            <param index="0">
              <value>
                <![CDATA[[TestResult name=bookSeat_loggedInRedBusAccount status=SUCCESS method=TestsType_BookSeat.bookSeat_loggedInRedBusAccount()[pri:0, instance:tests.TestsType_BookSeat@7586beff] output={null}]]]>
              </value>
            </param>
          </params>
          <reporter-output>
          </reporter-output>
        </test-method> <!-- endTestAndCloseBrowser -->
        <test-method status="PASS" signature="endReport()[pri:0, instance:tests.TestsType_BookSeat@7586beff]" name="endReport" is-config="true" duration-ms="222" started-at="2021-07-05T16:06:16Z" finished-at="2021-07-05T16:06:16Z">
          <reporter-output>
          </reporter-output>
        </test-method> <!-- endReport -->
      </class> <!-- tests.TestsType_BookSeat -->
      <class name="tests.TestsType_BusHire">
        <test-method status="PASS" signature="initializeWebDriver()[pri:0, instance:tests.TestsType_BusHire@dd05255]" name="initializeWebDriver" is-config="true" duration-ms="25252" started-at="2021-07-05T16:03:33Z" finished-at="2021-07-05T16:03:58Z">
          <reporter-output>
          </reporter-output>
        </test-method> <!-- initializeWebDriver -->
        <test-method status="PASS" signature="busHireOptionsNavigationTest()[pri:0, instance:tests.TestsType_BusHire@dd05255]" name="busHireOptionsNavigationTest" duration-ms="32417" started-at="2021-07-05T16:03:58Z" finished-at="2021-07-05T16:04:31Z">
          <reporter-output>
          </reporter-output>
        </test-method> <!-- busHireOptionsNavigationTest -->
        <test-method status="PASS" signature="endTestAndCloseBrowser(org.testng.ITestResult)[pri:0, instance:tests.TestsType_BusHire@dd05255]" name="endTestAndCloseBrowser" is-config="true" duration-ms="709" started-at="2021-07-05T16:04:31Z" finished-at="2021-07-05T16:04:31Z">
          <params>
            <param index="0">
              <value>
                <![CDATA[[TestResult name=busHireOptionsNavigationTest status=SUCCESS method=TestsType_BusHire.busHireOptionsNavigationTest()[pri:0, instance:tests.TestsType_BusHire@dd05255] output={null}]]]>
              </value>
            </param>
          </params>
          <reporter-output>
          </reporter-output>
        </test-method> <!-- endTestAndCloseBrowser -->
        <test-method status="PASS" signature="initializeWebDriver()[pri:0, instance:tests.TestsType_BusHire@dd05255]" name="initializeWebDriver" is-config="true" duration-ms="25299" started-at="2021-07-05T16:04:31Z" finished-at="2021-07-05T16:04:57Z">
          <reporter-output>
          </reporter-output>
        </test-method> <!-- initializeWebDriver -->
        <test-method status="PASS" signature="employeeTransportTest_Invalid_BlankFields()[pri:0, instance:tests.TestsType_BusHire@dd05255]" name="employeeTransportTest_Invalid_BlankFields" duration-ms="26493" started-at="2021-07-05T16:04:57Z" finished-at="2021-07-05T16:05:23Z">
          <reporter-output>
          </reporter-output>
        </test-method> <!-- employeeTransportTest_Invalid_BlankFields -->
        <test-method status="PASS" signature="endTestAndCloseBrowser(org.testng.ITestResult)[pri:0, instance:tests.TestsType_BusHire@dd05255]" name="endTestAndCloseBrowser" is-config="true" duration-ms="651" started-at="2021-07-05T16:05:23Z" finished-at="2021-07-05T16:05:24Z">
          <params>
            <param index="0">
              <value>
                <![CDATA[[TestResult name=employeeTransportTest_Invalid_BlankFields status=SUCCESS method=TestsType_BusHire.employeeTransportTest_Invalid_BlankFields()[pri:0, instance:tests.TestsType_BusHire@dd05255] output={null}]]]>
              </value>
            </param>
          </params>
          <reporter-output>
          </reporter-output>
        </test-method> <!-- endTestAndCloseBrowser -->
        <test-method status="PASS" signature="initializeWebDriver()[pri:0, instance:tests.TestsType_BusHire@dd05255]" name="initializeWebDriver" is-config="true" duration-ms="25257" started-at="2021-07-05T16:05:24Z" finished-at="2021-07-05T16:05:49Z">
          <reporter-output>
          </reporter-output>
        </test-method> <!-- initializeWebDriver -->
        <test-method status="PASS" signature="employeeTransportTest_invalidEmailAndPhn()[pri:0, instance:tests.TestsType_BusHire@dd05255]" name="employeeTransportTest_invalidEmailAndPhn" duration-ms="26246" started-at="2021-07-05T16:05:49Z" finished-at="2021-07-05T16:06:15Z">
          <reporter-output>
          </reporter-output>
        </test-method> <!-- employeeTransportTest_invalidEmailAndPhn -->
        <test-method status="PASS" signature="endTestAndCloseBrowser(org.testng.ITestResult)[pri:0, instance:tests.TestsType_BusHire@dd05255]" name="endTestAndCloseBrowser" is-config="true" duration-ms="636" started-at="2021-07-05T16:06:15Z" finished-at="2021-07-05T16:06:16Z">
          <params>
            <param index="0">
              <value>
                <![CDATA[[TestResult name=employeeTransportTest_invalidEmailAndPhn status=SUCCESS method=TestsType_BusHire.employeeTransportTest_invalidEmailAndPhn()[pri:0, instance:tests.TestsType_BusHire@dd05255] output={null}]]]>
              </value>
            </param>
          </params>
          <reporter-output>
          </reporter-output>
        </test-method> <!-- endTestAndCloseBrowser -->
      </class> <!-- tests.TestsType_BusHire -->
      <class name="tests.TestsType_Login">
        <test-method status="PASS" signature="initializeWebDriver()[pri:0, instance:tests.TestsType_Login@3b69e7d1]" name="initializeWebDriver" is-config="true" duration-ms="11415" started-at="2021-07-05T15:46:14Z" finished-at="2021-07-05T15:46:25Z">
          <reporter-output>
          </reporter-output>
        </test-method> <!-- initializeWebDriver -->
        <test-method status="PASS" signature="loginWithFacebookTest()[pri:0, instance:tests.TestsType_Login@3b69e7d1]" name="loginWithFacebookTest" duration-ms="45477" started-at="2021-07-05T15:46:25Z" finished-at="2021-07-05T15:47:11Z">
          <reporter-output>
          </reporter-output>
        </test-method> <!-- loginWithFacebookTest -->
        <test-method status="PASS" signature="endTestAndCloseBrowser(org.testng.ITestResult)[pri:0, instance:tests.TestsType_Login@3b69e7d1]" name="endTestAndCloseBrowser" is-config="true" duration-ms="674" started-at="2021-07-05T15:47:11Z" finished-at="2021-07-05T15:47:11Z">
          <params>
            <param index="0">
              <value>
                <![CDATA[[TestResult name=loginWithFacebookTest status=SUCCESS method=TestsType_Login.loginWithFacebookTest()[pri:0, instance:tests.TestsType_Login@3b69e7d1] output={null}]]]>
              </value>
            </param>
          </params>
          <reporter-output>
          </reporter-output>
        </test-method> <!-- endTestAndCloseBrowser -->
        <test-method status="PASS" signature="initializeWebDriver()[pri:0, instance:tests.TestsType_Login@3b69e7d1]" name="initializeWebDriver" is-config="true" duration-ms="25274" started-at="2021-07-05T15:47:11Z" finished-at="2021-07-05T15:47:37Z">
          <reporter-output>
          </reporter-output>
        </test-method> <!-- initializeWebDriver -->
        <test-method status="PASS" signature="loginWithGoogleTest()[pri:0, instance:tests.TestsType_Login@3b69e7d1]" name="loginWithGoogleTest" duration-ms="60925" started-at="2021-07-05T15:47:37Z" finished-at="2021-07-05T15:48:38Z">
          <reporter-output>
          </reporter-output>
        </test-method> <!-- loginWithGoogleTest -->
        <test-method status="PASS" signature="endTestAndCloseBrowser(org.testng.ITestResult)[pri:0, instance:tests.TestsType_Login@3b69e7d1]" name="endTestAndCloseBrowser" is-config="true" duration-ms="641" started-at="2021-07-05T15:48:38Z" finished-at="2021-07-05T15:48:38Z">
          <params>
            <param index="0">
              <value>
                <![CDATA[[TestResult name=loginWithGoogleTest status=SUCCESS method=TestsType_Login.loginWithGoogleTest()[pri:0, instance:tests.TestsType_Login@3b69e7d1] output={null}]]]>
              </value>
            </param>
          </params>
          <reporter-output>
          </reporter-output>
        </test-method> <!-- endTestAndCloseBrowser -->
        <test-method status="PASS" signature="initializeWebDriver()[pri:0, instance:tests.TestsType_Login@3b69e7d1]" name="initializeWebDriver" is-config="true" duration-ms="25447" started-at="2021-07-05T15:48:38Z" finished-at="2021-07-05T15:49:04Z">
          <reporter-output>
          </reporter-output>
        </test-method> <!-- initializeWebDriver -->
        <test-method status="PASS" signature="loginWithPhnNoInValidTest()[pri:0, instance:tests.TestsType_Login@3b69e7d1]" name="loginWithPhnNoInValidTest" duration-ms="15445" started-at="2021-07-05T15:49:04Z" finished-at="2021-07-05T15:49:19Z">
          <reporter-output>
          </reporter-output>
        </test-method> <!-- loginWithPhnNoInValidTest -->
        <test-method status="PASS" signature="endTestAndCloseBrowser(org.testng.ITestResult)[pri:0, instance:tests.TestsType_Login@3b69e7d1]" name="endTestAndCloseBrowser" is-config="true" duration-ms="659" started-at="2021-07-05T15:49:19Z" finished-at="2021-07-05T15:49:20Z">
          <params>
            <param index="0">
              <value>
                <![CDATA[[TestResult name=loginWithPhnNoInValidTest status=SUCCESS method=TestsType_Login.loginWithPhnNoInValidTest()[pri:0, instance:tests.TestsType_Login@3b69e7d1] output={null}]]]>
              </value>
            </param>
          </params>
          <reporter-output>
          </reporter-output>
        </test-method> <!-- endTestAndCloseBrowser -->
        <test-method status="PASS" signature="initializeWebDriver()[pri:0, instance:tests.TestsType_Login@3b69e7d1]" name="initializeWebDriver" is-config="true" duration-ms="13177" started-at="2021-07-05T15:49:20Z" finished-at="2021-07-05T15:49:33Z">
          <reporter-output>
          </reporter-output>
        </test-method> <!-- initializeWebDriver -->
        <test-method status="PASS" signature="loginWithPhnNoValidTest()[pri:0, instance:tests.TestsType_Login@3b69e7d1]" name="loginWithPhnNoValidTest" duration-ms="15459" started-at="2021-07-05T15:49:33Z" finished-at="2021-07-05T15:49:49Z">
          <reporter-output>
          </reporter-output>
        </test-method> <!-- loginWithPhnNoValidTest -->
        <test-method status="PASS" signature="endTestAndCloseBrowser(org.testng.ITestResult)[pri:0, instance:tests.TestsType_Login@3b69e7d1]" name="endTestAndCloseBrowser" is-config="true" duration-ms="648" started-at="2021-07-05T15:49:49Z" finished-at="2021-07-05T15:49:49Z">
          <params>
            <param index="0">
              <value>
                <![CDATA[[TestResult name=loginWithPhnNoValidTest status=SUCCESS method=TestsType_Login.loginWithPhnNoValidTest()[pri:0, instance:tests.TestsType_Login@3b69e7d1] output={null}]]]>
              </value>
            </param>
          </params>
          <reporter-output>
          </reporter-output>
        </test-method> <!-- endTestAndCloseBrowser -->
      </class> <!-- tests.TestsType_Login -->
      <class name="tests.TestsType_SearchCityNameAndDateTest">
        <test-method status="PASS" signature="refreshFile()[pri:0, instance:tests.TestsType_SearchCityNameAndDateTest@815b41f]" name="refreshFile" is-config="true" duration-ms="348" started-at="2021-07-05T15:49:49Z" finished-at="2021-07-05T15:49:50Z">
          <reporter-output>
          </reporter-output>
        </test-method> <!-- refreshFile -->
        <test-method status="PASS" signature="initializeWebDriver()[pri:0, instance:tests.TestsType_SearchCityNameAndDateTest@815b41f]" name="initializeWebDriver" is-config="true" duration-ms="25254" started-at="2021-07-05T15:49:50Z" finished-at="2021-07-05T15:50:15Z">
          <reporter-output>
          </reporter-output>
        </test-method> <!-- initializeWebDriver -->
        <test-method status="PASS" signature="searchtest()[pri:0, instance:tests.TestsType_SearchCityNameAndDateTest@815b41f]" name="searchtest" duration-ms="77259" started-at="2021-07-05T15:50:15Z" finished-at="2021-07-05T15:51:32Z">
          <reporter-output>
          </reporter-output>
        </test-method> <!-- searchtest -->
        <test-method status="PASS" signature="endTestAndCloseBrowser(org.testng.ITestResult)[pri:0, instance:tests.TestsType_SearchCityNameAndDateTest@815b41f]" name="endTestAndCloseBrowser" is-config="true" duration-ms="741" started-at="2021-07-05T15:51:32Z" finished-at="2021-07-05T15:51:33Z">
          <params>
            <param index="0">
              <value>
                <![CDATA[[TestResult name=searchtest status=SUCCESS method=TestsType_SearchCityNameAndDateTest.searchtest()[pri:0, instance:tests.TestsType_SearchCityNameAndDateTest@815b41f] output={null}]]]>
              </value>
            </param>
          </params>
          <reporter-output>
          </reporter-output>
        </test-method> <!-- endTestAndCloseBrowser -->
      </class> <!-- tests.TestsType_SearchCityNameAndDateTest -->
      <class name="tests.TestsType_ShowMyTicket">
        <test-method status="PASS" signature="refreshFile()[pri:0, instance:tests.TestsType_ShowMyTicket@6150c3ec]" name="refreshFile" is-config="true" duration-ms="19" started-at="2021-07-05T15:55:58Z" finished-at="2021-07-05T15:55:58Z">
          <reporter-output>
          </reporter-output>
        </test-method> <!-- refreshFile -->
        <test-method status="PASS" signature="initializeWebDriver()[pri:0, instance:tests.TestsType_ShowMyTicket@6150c3ec]" name="initializeWebDriver" is-config="true" duration-ms="25237" started-at="2021-07-05T15:55:58Z" finished-at="2021-07-05T15:56:23Z">
          <reporter-output>
          </reporter-output>
        </test-method> <!-- initializeWebDriver -->
        <test-method status="PASS" signature="showMyTicket_invalidtin_invalidemail()[pri:0, instance:tests.TestsType_ShowMyTicket@6150c3ec]" name="showMyTicket_invalidtin_invalidemail" duration-ms="10293" started-at="2021-07-05T15:56:23Z" finished-at="2021-07-05T15:56:33Z">
          <reporter-output>
          </reporter-output>
        </test-method> <!-- showMyTicket_invalidtin_invalidemail -->
        <test-method status="PASS" signature="endTestAndCloseBrowser(org.testng.ITestResult)[pri:0, instance:tests.TestsType_ShowMyTicket@6150c3ec]" name="endTestAndCloseBrowser" is-config="true" duration-ms="663" started-at="2021-07-05T15:56:33Z" finished-at="2021-07-05T15:56:34Z">
          <params>
            <param index="0">
              <value>
                <![CDATA[[TestResult name=showMyTicket_invalidtin_invalidemail status=SUCCESS method=TestsType_ShowMyTicket.showMyTicket_invalidtin_invalidemail()[pri:0, instance:tests.TestsType_ShowMyTicket@6150c3ec] output={null}]]]>
              </value>
            </param>
          </params>
          <reporter-output>
          </reporter-output>
        </test-method> <!-- endTestAndCloseBrowser -->
        <test-method status="PASS" signature="initializeWebDriver()[pri:0, instance:tests.TestsType_ShowMyTicket@6150c3ec]" name="initializeWebDriver" is-config="true" duration-ms="25221" started-at="2021-07-05T15:56:34Z" finished-at="2021-07-05T15:56:59Z">
          <reporter-output>
          </reporter-output>
        </test-method> <!-- initializeWebDriver -->
        <test-method status="PASS" signature="showMyTicket_invalidtin_validemail()[pri:0, instance:tests.TestsType_ShowMyTicket@6150c3ec]" name="showMyTicket_invalidtin_validemail" duration-ms="10389" started-at="2021-07-05T15:56:59Z" finished-at="2021-07-05T15:57:10Z">
          <reporter-output>
          </reporter-output>
        </test-method> <!-- showMyTicket_invalidtin_validemail -->
        <test-method status="PASS" signature="endTestAndCloseBrowser(org.testng.ITestResult)[pri:0, instance:tests.TestsType_ShowMyTicket@6150c3ec]" name="endTestAndCloseBrowser" is-config="true" duration-ms="658" started-at="2021-07-05T15:57:10Z" finished-at="2021-07-05T15:57:10Z">
          <params>
            <param index="0">
              <value>
                <![CDATA[[TestResult name=showMyTicket_invalidtin_validemail status=SUCCESS method=TestsType_ShowMyTicket.showMyTicket_invalidtin_validemail()[pri:0, instance:tests.TestsType_ShowMyTicket@6150c3ec] output={null}]]]>
              </value>
            </param>
          </params>
          <reporter-output>
          </reporter-output>
        </test-method> <!-- endTestAndCloseBrowser -->
        <test-method status="PASS" signature="initializeWebDriver()[pri:0, instance:tests.TestsType_ShowMyTicket@6150c3ec]" name="initializeWebDriver" is-config="true" duration-ms="25291" started-at="2021-07-05T15:57:10Z" finished-at="2021-07-05T15:57:36Z">
          <reporter-output>
          </reporter-output>
        </test-method> <!-- initializeWebDriver -->
        <test-method status="PASS" signature="showMyTicket_validtin_invalidemail()[pri:0, instance:tests.TestsType_ShowMyTicket@6150c3ec]" name="showMyTicket_validtin_invalidemail" duration-ms="10633" started-at="2021-07-05T15:57:36Z" finished-at="2021-07-05T15:57:46Z">
          <reporter-output>
          </reporter-output>
        </test-method> <!-- showMyTicket_validtin_invalidemail -->
        <test-method status="PASS" signature="endTestAndCloseBrowser(org.testng.ITestResult)[pri:0, instance:tests.TestsType_ShowMyTicket@6150c3ec]" name="endTestAndCloseBrowser" is-config="true" duration-ms="636" started-at="2021-07-05T15:57:46Z" finished-at="2021-07-05T15:57:47Z">
          <params>
            <param index="0">
              <value>
                <![CDATA[[TestResult name=showMyTicket_validtin_invalidemail status=SUCCESS method=TestsType_ShowMyTicket.showMyTicket_validtin_invalidemail()[pri:0, instance:tests.TestsType_ShowMyTicket@6150c3ec] output={null}]]]>
              </value>
            </param>
          </params>
          <reporter-output>
          </reporter-output>
        </test-method> <!-- endTestAndCloseBrowser -->
        <test-method status="PASS" signature="initializeWebDriver()[pri:0, instance:tests.TestsType_ShowMyTicket@6150c3ec]" name="initializeWebDriver" is-config="true" duration-ms="25245" started-at="2021-07-05T15:57:47Z" finished-at="2021-07-05T15:58:12Z">
          <reporter-output>
          </reporter-output>
        </test-method> <!-- initializeWebDriver -->
        <test-method status="PASS" signature="showMyTicket_validtin_validemail()[pri:0, instance:tests.TestsType_ShowMyTicket@6150c3ec]" name="showMyTicket_validtin_validemail" duration-ms="10616" started-at="2021-07-05T15:58:12Z" finished-at="2021-07-05T15:58:23Z">
          <reporter-output>
          </reporter-output>
        </test-method> <!-- showMyTicket_validtin_validemail -->
        <test-method status="PASS" signature="endTestAndCloseBrowser(org.testng.ITestResult)[pri:0, instance:tests.TestsType_ShowMyTicket@6150c3ec]" name="endTestAndCloseBrowser" is-config="true" duration-ms="612" started-at="2021-07-05T15:58:23Z" finished-at="2021-07-05T15:58:23Z">
          <params>
            <param index="0">
              <value>
                <![CDATA[[TestResult name=showMyTicket_validtin_validemail status=SUCCESS method=TestsType_ShowMyTicket.showMyTicket_validtin_validemail()[pri:0, instance:tests.TestsType_ShowMyTicket@6150c3ec] output={null}]]]>
              </value>
            </param>
          </params>
          <reporter-output>
          </reporter-output>
        </test-method> <!-- endTestAndCloseBrowser -->
      </class> <!-- tests.TestsType_ShowMyTicket -->
      <class name="tests.TestsType_Help">
        <test-method status="PASS" signature="initializeWebDriver()[pri:0, instance:tests.TestsType_Help@7e6f74c]" name="initializeWebDriver" is-config="true" duration-ms="25266" started-at="2021-07-05T16:00:33Z" finished-at="2021-07-05T16:00:58Z">
          <reporter-output>
          </reporter-output>
        </test-method> <!-- initializeWebDriver -->
        <test-method status="FAIL" signature="helpTypeNavigationTest()[pri:0, instance:tests.TestsType_Help@7e6f74c]" name="helpTypeNavigationTest" duration-ms="57287" started-at="2021-07-05T16:00:58Z" finished-at="2021-07-05T16:01:55Z">
          <exception class="org.openqa.selenium.NoSuchWindowException">
            <message>
              <![CDATA[no such window
  (Session info: chrome=91.0.4472.124)
Build info: version: '3.141.59', revision: 'e82be7d358', time: '2018-11-14T08:17:03'
System info: host: 'PUJAARORA', ip: '172.22.64.1', os.name: 'Windows 10', os.arch: 'amd64', os.version: '10.0', java.version: '1.8.0_221'
Driver info: org.openqa.selenium.chrome.ChromeDriver
Capabilities {acceptInsecureCerts: false, browserName: chrome, browserVersion: 91.0.4472.124, chrome: {chromedriverVersion: 91.0.4472.101 (af52a90bf870..., userDataDir: C:\Users\PUJAAR~1\AppData\L...}, goog:chromeOptions: {debuggerAddress: localhost:59250}, javascriptEnabled: true, networkConnectionEnabled: false, pageLoadStrategy: normal, platform: WINDOWS, platformName: WINDOWS, proxy: Proxy(), setWindowRect: true, strictFileInteractability: false, timeouts: {implicit: 0, pageLoad: 300000, script: 30000}, unhandledPromptBehavior: dismiss and notify, webauthn:extension:largeBlob: true, webauthn:virtualAuthenticators: true}
Session ID: 0fed5fb2164dbdbbf5addba32817e43b]]>
            </message>
            <full-stacktrace>
              <![CDATA[org.openqa.selenium.NoSuchWindowException: no such window
  (Session info: chrome=91.0.4472.124)
Build info: version: '3.141.59', revision: 'e82be7d358', time: '2018-11-14T08:17:03'
System info: host: 'PUJAARORA', ip: '172.22.64.1', os.name: 'Windows 10', os.arch: 'amd64', os.version: '10.0', java.version: '1.8.0_221'
Driver info: org.openqa.selenium.chrome.ChromeDriver
Capabilities {acceptInsecureCerts: false, browserName: chrome, browserVersion: 91.0.4472.124, chrome: {chromedriverVersion: 91.0.4472.101 (af52a90bf870..., userDataDir: C:\Users\PUJAAR~1\AppData\L...}, goog:chromeOptions: {debuggerAddress: localhost:59250}, javascriptEnabled: true, networkConnectionEnabled: false, pageLoadStrategy: normal, platform: WINDOWS, platformName: WINDOWS, proxy: Proxy(), setWindowRect: true, strictFileInteractability: false, timeouts: {implicit: 0, pageLoad: 300000, script: 30000}, unhandledPromptBehavior: dismiss and notify, webauthn:extension:largeBlob: true, webauthn:virtualAuthenticators: true}
Session ID: 0fed5fb2164dbdbbf5addba32817e43b
at sun.reflect.NativeConstructorAccessorImpl.newInstance0(Native Method)
at sun.reflect.NativeConstructorAccessorImpl.newInstance(NativeConstructorAccessorImpl.java:62)
at sun.reflect.DelegatingConstructorAccessorImpl.newInstance(DelegatingConstructorAccessorImpl.java:45)
at java.lang.reflect.Constructor.newInstance(Constructor.java:423)
at org.openqa.selenium.remote.http.W3CHttpResponseCodec.createException(W3CHttpResponseCodec.java:187)
at org.openqa.selenium.remote.http.W3CHttpResponseCodec.decode(W3CHttpResponseCodec.java:122)
at org.openqa.selenium.remote.http.W3CHttpResponseCodec.decode(W3CHttpResponseCodec.java:49)
at org.openqa.selenium.remote.HttpCommandExecutor.execute(HttpCommandExecutor.java:158)
at org.openqa.selenium.remote.service.DriverCommandExecutor.execute(DriverCommandExecutor.java:83)
at org.openqa.selenium.remote.RemoteWebDriver.execute(RemoteWebDriver.java:552)
at org.openqa.selenium.remote.RemoteWebElement.execute(RemoteWebElement.java:285)
at org.openqa.selenium.remote.RemoteWebElement.click(RemoteWebElement.java:84)
at sun.reflect.GeneratedMethodAccessor1.invoke(Unknown Source)
at sun.reflect.DelegatingMethodAccessorImpl.invoke(DelegatingMethodAccessorImpl.java:43)
at java.lang.reflect.Method.invoke(Method.java:498)
at org.openqa.selenium.support.pagefactory.internal.LocatingElementHandler.invoke(LocatingElementHandler.java:51)
at com.sun.proxy.$Proxy27.click(Unknown Source)
at pages.HelpPage.click_newBusBookingHelp(HelpPage.java:38)
at tests.TestsType_Help.helpTypeNavigationTest(TestsType_Help.java:55)
at sun.reflect.NativeMethodAccessorImpl.invoke0(Native Method)
at sun.reflect.NativeMethodAccessorImpl.invoke(NativeMethodAccessorImpl.java:62)
at sun.reflect.DelegatingMethodAccessorImpl.invoke(DelegatingMethodAccessorImpl.java:43)
at java.lang.reflect.Method.invoke(Method.java:498)
at org.testng.internal.MethodInvocationHelper.invokeMethod(MethodInvocationHelper.java:124)
at org.testng.internal.Invoker.invokeMethod(Invoker.java:583)
at org.testng.internal.Invoker.invokeTestMethod(Invoker.java:719)
at org.testng.internal.Invoker.invokeTestMethods(Invoker.java:989)
at org.testng.internal.TestMethodWorker.invokeTestMethods(TestMethodWorker.java:125)
at org.testng.internal.TestMethodWorker.run(TestMethodWorker.java:109)
at org.testng.TestRunner.privateRun(TestRunner.java:648)
at org.testng.TestRunner.run(TestRunner.java:505)
at org.testng.SuiteRunner.runTest(SuiteRunner.java:455)
at org.testng.SuiteRunner.runSequentially(SuiteRunner.java:450)
at org.testng.SuiteRunner.privateRun(SuiteRunner.java:415)
at org.testng.SuiteRunner.run(SuiteRunner.java:364)
at org.testng.SuiteRunnerWorker.runSuite(SuiteRunnerWorker.java:52)
at org.testng.SuiteRunnerWorker.run(SuiteRunnerWorker.java:84)
at org.testng.TestNG.runSuitesSequentially(TestNG.java:1208)
at org.testng.TestNG.runSuitesLocally(TestNG.java:1137)
at org.testng.TestNG.runSuites(TestNG.java:1049)
at org.testng.TestNG.run(TestNG.java:1017)
at org.apache.maven.surefire.testng.TestNGExecutor.run(TestNGExecutor.java:284)
at org.apache.maven.surefire.testng.TestNGXmlTestSuite.execute(TestNGXmlTestSuite.java:75)
at org.apache.maven.surefire.testng.TestNGProvider.invoke(TestNGProvider.java:119)
at org.apache.maven.surefire.booter.ForkedBooter.runSuitesInProcess(ForkedBooter.java:428)
at org.apache.maven.surefire.booter.ForkedBooter.execute(ForkedBooter.java:162)
at org.apache.maven.surefire.booter.ForkedBooter.run(ForkedBooter.java:562)
at org.apache.maven.surefire.booter.ForkedBooter.main(ForkedBooter.java:548)
]]>
            </full-stacktrace>
          </exception> <!-- org.openqa.selenium.NoSuchWindowException -->
          <reporter-output>
          </reporter-output>
        </test-method> <!-- helpTypeNavigationTest -->
        <test-method status="PASS" signature="endTestAndCloseBrowser(org.testng.ITestResult)[pri:0, instance:tests.TestsType_Help@7e6f74c]" name="endTestAndCloseBrowser" is-config="true" duration-ms="843" started-at="2021-07-05T16:01:55Z" finished-at="2021-07-05T16:01:56Z">
          <params>
            <param index="0">
              <value>
                <![CDATA[[TestResult name=helpTypeNavigationTest status=FAILURE method=TestsType_Help.helpTypeNavigationTest()[pri:0, instance:tests.TestsType_Help@7e6f74c] output={null}]]]>
              </value>
            </param>
          </params>
          <reporter-output>
          </reporter-output>
        </test-method> <!-- endTestAndCloseBrowser -->
        <test-method status="PASS" signature="initializeWebDriver()[pri:0, instance:tests.TestsType_Help@7e6f74c]" name="initializeWebDriver" is-config="true" duration-ms="25254" started-at="2021-07-05T16:01:56Z" finished-at="2021-07-05T16:02:21Z">
          <reporter-output>
          </reporter-output>
        </test-method> <!-- initializeWebDriver -->
        <test-method status="FAIL" signature="help_viewAllChatsNavigationTest()[pri:0, instance:tests.TestsType_Help@7e6f74c]" name="help_viewAllChatsNavigationTest" duration-ms="70542" started-at="2021-07-05T16:02:21Z" finished-at="2021-07-05T16:03:32Z">
          <exception class="org.openqa.selenium.NoSuchElementException">
            <message>
              <![CDATA[no such element: Unable to locate element: {"method":"xpath","selector":"//*[@id="reactContentMount"]/div/div[2]/div[2]/div"}
  (Session info: chrome=91.0.4472.124)
For documentation on this error, please visit: https://www.seleniumhq.org/exceptions/no_such_element.html
Build info: version: '3.141.59', revision: 'e82be7d358', time: '2018-11-14T08:17:03'
System info: host: 'PUJAARORA', ip: '172.22.64.1', os.name: 'Windows 10', os.arch: 'amd64', os.version: '10.0', java.version: '1.8.0_221'
Driver info: org.openqa.selenium.chrome.ChromeDriver
Capabilities {acceptInsecureCerts: false, browserName: chrome, browserVersion: 91.0.4472.124, chrome: {chromedriverVersion: 91.0.4472.101 (af52a90bf870..., userDataDir: C:\Users\PUJAAR~1\AppData\L...}, goog:chromeOptions: {debuggerAddress: localhost:53494}, javascriptEnabled: true, networkConnectionEnabled: false, pageLoadStrategy: normal, platform: WINDOWS, platformName: WINDOWS, proxy: Proxy(), setWindowRect: true, strictFileInteractability: false, timeouts: {implicit: 0, pageLoad: 300000, script: 30000}, unhandledPromptBehavior: dismiss and notify, webauthn:extension:largeBlob: true, webauthn:virtualAuthenticators: true}
Session ID: b328a196b2779d3c223861335253a89a
*** Element info: {Using=xpath, value=//*[@id="reactContentMount"]/div/div[2]/div[2]/div}]]>
            </message>
            <full-stacktrace>
              <![CDATA[org.openqa.selenium.NoSuchElementException: no such element: Unable to locate element: {"method":"xpath","selector":"//*[@id="reactContentMount"]/div/div[2]/div[2]/div"}
  (Session info: chrome=91.0.4472.124)
For documentation on this error, please visit: https://www.seleniumhq.org/exceptions/no_such_element.html
Build info: version: '3.141.59', revision: 'e82be7d358', time: '2018-11-14T08:17:03'
System info: host: 'PUJAARORA', ip: '172.22.64.1', os.name: 'Windows 10', os.arch: 'amd64', os.version: '10.0', java.version: '1.8.0_221'
Driver info: org.openqa.selenium.chrome.ChromeDriver
Capabilities {acceptInsecureCerts: false, browserName: chrome, browserVersion: 91.0.4472.124, chrome: {chromedriverVersion: 91.0.4472.101 (af52a90bf870..., userDataDir: C:\Users\PUJAAR~1\AppData\L...}, goog:chromeOptions: {debuggerAddress: localhost:53494}, javascriptEnabled: true, networkConnectionEnabled: false, pageLoadStrategy: normal, platform: WINDOWS, platformName: WINDOWS, proxy: Proxy(), setWindowRect: true, strictFileInteractability: false, timeouts: {implicit: 0, pageLoad: 300000, script: 30000}, unhandledPromptBehavior: dismiss and notify, webauthn:extension:largeBlob: true, webauthn:virtualAuthenticators: true}
Session ID: b328a196b2779d3c223861335253a89a
*** Element info: {Using=xpath, value=//*[@id="reactContentMount"]/div/div[2]/div[2]/div}
at sun.reflect.NativeConstructorAccessorImpl.newInstance0(Native Method)
at sun.reflect.NativeConstructorAccessorImpl.newInstance(NativeConstructorAccessorImpl.java:62)
at sun.reflect.DelegatingConstructorAccessorImpl.newInstance(DelegatingConstructorAccessorImpl.java:45)
at java.lang.reflect.Constructor.newInstance(Constructor.java:423)
at org.openqa.selenium.remote.http.W3CHttpResponseCodec.createException(W3CHttpResponseCodec.java:187)
at org.openqa.selenium.remote.http.W3CHttpResponseCodec.decode(W3CHttpResponseCodec.java:122)
at org.openqa.selenium.remote.http.W3CHttpResponseCodec.decode(W3CHttpResponseCodec.java:49)
at org.openqa.selenium.remote.HttpCommandExecutor.execute(HttpCommandExecutor.java:158)
at org.openqa.selenium.remote.service.DriverCommandExecutor.execute(DriverCommandExecutor.java:83)
at org.openqa.selenium.remote.RemoteWebDriver.execute(RemoteWebDriver.java:552)
at org.openqa.selenium.remote.RemoteWebDriver.findElement(RemoteWebDriver.java:323)
at org.openqa.selenium.remote.RemoteWebDriver.findElementByXPath(RemoteWebDriver.java:428)
at org.openqa.selenium.By$ByXPath.findElement(By.java:353)
at org.openqa.selenium.remote.RemoteWebDriver.findElement(RemoteWebDriver.java:315)
at org.openqa.selenium.support.pagefactory.DefaultElementLocator.findElement(DefaultElementLocator.java:69)
at org.openqa.selenium.support.pagefactory.internal.LocatingElementHandler.invoke(LocatingElementHandler.java:38)
at com.sun.proxy.$Proxy27.click(Unknown Source)
at pages.HelpPage.click_viewLastChat(HelpPage.java:85)
at tests.TestsType_Help.help_viewAllChatsNavigationTest(TestsType_Help.java:180)
at sun.reflect.NativeMethodAccessorImpl.invoke0(Native Method)
at sun.reflect.NativeMethodAccessorImpl.invoke(NativeMethodAccessorImpl.java:62)
at sun.reflect.DelegatingMethodAccessorImpl.invoke(DelegatingMethodAccessorImpl.java:43)
at java.lang.reflect.Method.invoke(Method.java:498)
at org.testng.internal.MethodInvocationHelper.invokeMethod(MethodInvocationHelper.java:124)
at org.testng.internal.Invoker.invokeMethod(Invoker.java:583)
at org.testng.internal.Invoker.invokeTestMethod(Invoker.java:719)
at org.testng.internal.Invoker.invokeTestMethods(Invoker.java:989)
at org.testng.internal.TestMethodWorker.invokeTestMethods(TestMethodWorker.java:125)
at org.testng.internal.TestMethodWorker.run(TestMethodWorker.java:109)
at org.testng.TestRunner.privateRun(TestRunner.java:648)
at org.testng.TestRunner.run(TestRunner.java:505)
at org.testng.SuiteRunner.runTest(SuiteRunner.java:455)
at org.testng.SuiteRunner.runSequentially(SuiteRunner.java:450)
at org.testng.SuiteRunner.privateRun(SuiteRunner.java:415)
at org.testng.SuiteRunner.run(SuiteRunner.java:364)
at org.testng.SuiteRunnerWorker.runSuite(SuiteRunnerWorker.java:52)
at org.testng.SuiteRunnerWorker.run(SuiteRunnerWorker.java:84)
at org.testng.TestNG.runSuitesSequentially(TestNG.java:1208)
at org.testng.TestNG.runSuitesLocally(TestNG.java:1137)
at org.testng.TestNG.runSuites(TestNG.java:1049)
at org.testng.TestNG.run(TestNG.java:1017)
at org.apache.maven.surefire.testng.TestNGExecutor.run(TestNGExecutor.java:284)
at org.apache.maven.surefire.testng.TestNGXmlTestSuite.execute(TestNGXmlTestSuite.java:75)
at org.apache.maven.surefire.testng.TestNGProvider.invoke(TestNGProvider.java:119)
at org.apache.maven.surefire.booter.ForkedBooter.runSuitesInProcess(ForkedBooter.java:428)
at org.apache.maven.surefire.booter.ForkedBooter.execute(ForkedBooter.java:162)
at org.apache.maven.surefire.booter.ForkedBooter.run(ForkedBooter.java:562)
at org.apache.maven.surefire.booter.ForkedBooter.main(ForkedBooter.java:548)
]]>
            </full-stacktrace>
          </exception> <!-- org.openqa.selenium.NoSuchElementException -->
          <reporter-output>
          </reporter-output>
        </test-method> <!-- help_viewAllChatsNavigationTest -->
        <test-method status="PASS" signature="endTestAndCloseBrowser(org.testng.ITestResult)[pri:0, instance:tests.TestsType_Help@7e6f74c]" name="endTestAndCloseBrowser" is-config="true" duration-ms="862" started-at="2021-07-05T16:03:32Z" finished-at="2021-07-05T16:03:33Z">
          <params>
            <param index="0">
              <value>
                <![CDATA[[TestResult name=help_viewAllChatsNavigationTest status=FAILURE method=TestsType_Help.help_viewAllChatsNavigationTest()[pri:0, instance:tests.TestsType_Help@7e6f74c] output={null}]]]>
              </value>
            </param>
          </params>
          <reporter-output>
          </reporter-output>
        </test-method> <!-- endTestAndCloseBrowser -->
      </class> <!-- tests.TestsType_Help -->
      <class name="tests.TestsType_EmailSmsTicket">
        <test-method status="PASS" signature="refreshFile()[pri:0, instance:tests.TestsType_EmailSmsTicket@44c03695]" name="refreshFile" is-config="true" duration-ms="14" started-at="2021-07-05T15:58:23Z" finished-at="2021-07-05T15:58:23Z">
          <reporter-output>
          </reporter-output>
        </test-method> <!-- refreshFile -->
        <test-method status="PASS" signature="initializeWebDriver()[pri:0, instance:tests.TestsType_EmailSmsTicket@44c03695]" name="initializeWebDriver" is-config="true" duration-ms="25254" started-at="2021-07-05T15:58:23Z" finished-at="2021-07-05T15:58:49Z">
          <reporter-output>
          </reporter-output>
        </test-method> <!-- initializeWebDriver -->
        <test-method status="PASS" signature="emailSmsTicket_invalidtin_invalidemail()[pri:0, instance:tests.TestsType_EmailSmsTicket@44c03695]" name="emailSmsTicket_invalidtin_invalidemail" duration-ms="11466" started-at="2021-07-05T15:58:49Z" finished-at="2021-07-05T15:59:00Z">
          <reporter-output>
          </reporter-output>
        </test-method> <!-- emailSmsTicket_invalidtin_invalidemail -->
        <test-method status="PASS" signature="endTestAndCloseBrowser(org.testng.ITestResult)[pri:0, instance:tests.TestsType_EmailSmsTicket@44c03695]" name="endTestAndCloseBrowser" is-config="true" duration-ms="823" started-at="2021-07-05T15:59:00Z" finished-at="2021-07-05T15:59:01Z">
          <params>
            <param index="0">
              <value>
                <![CDATA[[TestResult name=emailSmsTicket_invalidtin_invalidemail status=SUCCESS method=TestsType_EmailSmsTicket.emailSmsTicket_invalidtin_invalidemail()[pri:0, instance:tests.TestsType_EmailSmsTicket@44c03695] output={null}]]]>
              </value>
            </param>
          </params>
          <reporter-output>
          </reporter-output>
        </test-method> <!-- endTestAndCloseBrowser -->
        <test-method status="PASS" signature="initializeWebDriver()[pri:0, instance:tests.TestsType_EmailSmsTicket@44c03695]" name="initializeWebDriver" is-config="true" duration-ms="6489" started-at="2021-07-05T15:59:01Z" finished-at="2021-07-05T15:59:07Z">
          <reporter-output>
          </reporter-output>
        </test-method> <!-- initializeWebDriver -->
        <test-method status="PASS" signature="emailSmsTicket_invalidtin_validemail()[pri:0, instance:tests.TestsType_EmailSmsTicket@44c03695]" name="emailSmsTicket_invalidtin_validemail" duration-ms="10963" started-at="2021-07-05T15:59:07Z" finished-at="2021-07-05T15:59:18Z">
          <reporter-output>
          </reporter-output>
        </test-method> <!-- emailSmsTicket_invalidtin_validemail -->
        <test-method status="PASS" signature="endTestAndCloseBrowser(org.testng.ITestResult)[pri:0, instance:tests.TestsType_EmailSmsTicket@44c03695]" name="endTestAndCloseBrowser" is-config="true" duration-ms="862" started-at="2021-07-05T15:59:18Z" finished-at="2021-07-05T15:59:19Z">
          <params>
            <param index="0">
              <value>
                <![CDATA[[TestResult name=emailSmsTicket_invalidtin_validemail status=SUCCESS method=TestsType_EmailSmsTicket.emailSmsTicket_invalidtin_validemail()[pri:0, instance:tests.TestsType_EmailSmsTicket@44c03695] output={null}]]]>
              </value>
            </param>
          </params>
          <reporter-output>
          </reporter-output>
        </test-method> <!-- endTestAndCloseBrowser -->
        <test-method status="PASS" signature="initializeWebDriver()[pri:0, instance:tests.TestsType_EmailSmsTicket@44c03695]" name="initializeWebDriver" is-config="true" duration-ms="25613" started-at="2021-07-05T15:59:19Z" finished-at="2021-07-05T15:59:45Z">
          <reporter-output>
          </reporter-output>
        </test-method> <!-- initializeWebDriver -->
        <test-method status="PASS" signature="emailSmsTicket_validtin_invalidemail()[pri:0, instance:tests.TestsType_EmailSmsTicket@44c03695]" name="emailSmsTicket_validtin_invalidemail" duration-ms="10634" started-at="2021-07-05T15:59:45Z" finished-at="2021-07-05T15:59:56Z">
          <reporter-output>
          </reporter-output>
        </test-method> <!-- emailSmsTicket_validtin_invalidemail -->
        <test-method status="PASS" signature="endTestAndCloseBrowser(org.testng.ITestResult)[pri:0, instance:tests.TestsType_EmailSmsTicket@44c03695]" name="endTestAndCloseBrowser" is-config="true" duration-ms="661" started-at="2021-07-05T15:59:56Z" finished-at="2021-07-05T15:59:56Z">
          <params>
            <param index="0">
              <value>
                <![CDATA[[TestResult name=emailSmsTicket_validtin_invalidemail status=SUCCESS method=TestsType_EmailSmsTicket.emailSmsTicket_validtin_invalidemail()[pri:0, instance:tests.TestsType_EmailSmsTicket@44c03695] output={null}]]]>
              </value>
            </param>
          </params>
          <reporter-output>
          </reporter-output>
        </test-method> <!-- endTestAndCloseBrowser -->
        <test-method status="PASS" signature="initializeWebDriver()[pri:0, instance:tests.TestsType_EmailSmsTicket@44c03695]" name="initializeWebDriver" is-config="true" duration-ms="25287" started-at="2021-07-05T15:59:56Z" finished-at="2021-07-05T16:00:22Z">
          <reporter-output>
          </reporter-output>
        </test-method> <!-- initializeWebDriver -->
        <test-method status="PASS" signature="emailSmsTicket_validtin_validemail()[pri:0, instance:tests.TestsType_EmailSmsTicket@44c03695]" name="emailSmsTicket_validtin_validemail" duration-ms="10644" started-at="2021-07-05T16:00:22Z" finished-at="2021-07-05T16:00:32Z">
          <reporter-output>
          </reporter-output>
        </test-method> <!-- emailSmsTicket_validtin_validemail -->
        <test-method status="PASS" signature="endTestAndCloseBrowser(org.testng.ITestResult)[pri:0, instance:tests.TestsType_EmailSmsTicket@44c03695]" name="endTestAndCloseBrowser" is-config="true" duration-ms="631" started-at="2021-07-05T16:00:32Z" finished-at="2021-07-05T16:00:33Z">
          <params>
            <param index="0">
              <value>
                <![CDATA[[TestResult name=emailSmsTicket_validtin_validemail status=SUCCESS method=TestsType_EmailSmsTicket.emailSmsTicket_validtin_validemail()[pri:0, instance:tests.TestsType_EmailSmsTicket@44c03695] output={null}]]]>
              </value>
            </param>
          </params>
          <reporter-output>
          </reporter-output>
        </test-method> <!-- endTestAndCloseBrowser -->
      </class> <!-- tests.TestsType_EmailSmsTicket -->
      <class name="tests.TestsType_CancelTicket">
        <test-method status="PASS" signature="refreshFile()[pri:0, instance:tests.TestsType_CancelTicket@5542c4ed]" name="refreshFile" is-config="true" duration-ms="36" started-at="2021-07-05T15:51:33Z" finished-at="2021-07-05T15:51:33Z">
          <reporter-output>
          </reporter-output>
        </test-method> <!-- refreshFile -->
        <test-method status="PASS" signature="initializeWebDriver()[pri:0, instance:tests.TestsType_CancelTicket@5542c4ed]" name="initializeWebDriver" is-config="true" duration-ms="8899" started-at="2021-07-05T15:51:33Z" finished-at="2021-07-05T15:51:42Z">
          <reporter-output>
          </reporter-output>
        </test-method> <!-- initializeWebDriver -->
        <test-method status="PASS" signature="cancelTicket_invalidtin_invalidemail()[pri:0, instance:tests.TestsType_CancelTicket@5542c4ed]" name="cancelTicket_invalidtin_invalidemail" duration-ms="13190" started-at="2021-07-05T15:51:42Z" finished-at="2021-07-05T15:51:55Z">
          <reporter-output>
          </reporter-output>
        </test-method> <!-- cancelTicket_invalidtin_invalidemail -->
        <test-method status="PASS" signature="endTestAndCloseBrowser(org.testng.ITestResult)[pri:0, instance:tests.TestsType_CancelTicket@5542c4ed]" name="endTestAndCloseBrowser" is-config="true" duration-ms="665" started-at="2021-07-05T15:51:55Z" finished-at="2021-07-05T15:51:56Z">
          <params>
            <param index="0">
              <value>
                <![CDATA[[TestResult name=cancelTicket_invalidtin_invalidemail status=SUCCESS method=TestsType_CancelTicket.cancelTicket_invalidtin_invalidemail()[pri:0, instance:tests.TestsType_CancelTicket@5542c4ed] output={null}]]]>
              </value>
            </param>
          </params>
          <reporter-output>
          </reporter-output>
        </test-method> <!-- endTestAndCloseBrowser -->
        <test-method status="PASS" signature="initializeWebDriver()[pri:0, instance:tests.TestsType_CancelTicket@5542c4ed]" name="initializeWebDriver" is-config="true" duration-ms="25275" started-at="2021-07-05T15:51:56Z" finished-at="2021-07-05T15:52:21Z">
          <reporter-output>
          </reporter-output>
        </test-method> <!-- initializeWebDriver -->
        <test-method status="PASS" signature="cancelTicket_invalidtin_validemail()[pri:0, instance:tests.TestsType_CancelTicket@5542c4ed]" name="cancelTicket_invalidtin_validemail" duration-ms="13010" started-at="2021-07-05T15:52:21Z" finished-at="2021-07-05T15:52:34Z">
          <reporter-output>
          </reporter-output>
        </test-method> <!-- cancelTicket_invalidtin_validemail -->
        <test-method status="PASS" signature="endTestAndCloseBrowser(org.testng.ITestResult)[pri:0, instance:tests.TestsType_CancelTicket@5542c4ed]" name="endTestAndCloseBrowser" is-config="true" duration-ms="693" started-at="2021-07-05T15:52:34Z" finished-at="2021-07-05T15:52:35Z">
          <params>
            <param index="0">
              <value>
                <![CDATA[[TestResult name=cancelTicket_invalidtin_validemail status=SUCCESS method=TestsType_CancelTicket.cancelTicket_invalidtin_validemail()[pri:0, instance:tests.TestsType_CancelTicket@5542c4ed] output={null}]]]>
              </value>
            </param>
          </params>
          <reporter-output>
          </reporter-output>
        </test-method> <!-- endTestAndCloseBrowser -->
        <test-method status="PASS" signature="initializeWebDriver()[pri:0, instance:tests.TestsType_CancelTicket@5542c4ed]" name="initializeWebDriver" is-config="true" duration-ms="6041" started-at="2021-07-05T15:52:35Z" finished-at="2021-07-05T15:52:41Z">
          <reporter-output>
          </reporter-output>
        </test-method> <!-- initializeWebDriver -->
        <test-method status="PASS" signature="cancelTicket_validtin_invalidemail()[pri:0, instance:tests.TestsType_CancelTicket@5542c4ed]" name="cancelTicket_validtin_invalidemail" duration-ms="13281" started-at="2021-07-05T15:52:41Z" finished-at="2021-07-05T15:52:54Z">
          <reporter-output>
          </reporter-output>
        </test-method> <!-- cancelTicket_validtin_invalidemail -->
        <test-method status="PASS" signature="endTestAndCloseBrowser(org.testng.ITestResult)[pri:0, instance:tests.TestsType_CancelTicket@5542c4ed]" name="endTestAndCloseBrowser" is-config="true" duration-ms="663" started-at="2021-07-05T15:52:54Z" finished-at="2021-07-05T15:52:55Z">
          <params>
            <param index="0">
              <value>
                <![CDATA[[TestResult name=cancelTicket_validtin_invalidemail status=SUCCESS method=TestsType_CancelTicket.cancelTicket_validtin_invalidemail()[pri:0, instance:tests.TestsType_CancelTicket@5542c4ed] output={null}]]]>
              </value>
            </param>
          </params>
          <reporter-output>
          </reporter-output>
        </test-method> <!-- endTestAndCloseBrowser -->
        <test-method status="PASS" signature="initializeWebDriver()[pri:0, instance:tests.TestsType_CancelTicket@5542c4ed]" name="initializeWebDriver" is-config="true" duration-ms="25243" started-at="2021-07-05T15:52:55Z" finished-at="2021-07-05T15:53:20Z">
          <reporter-output>
          </reporter-output>
        </test-method> <!-- initializeWebDriver -->
        <test-method status="PASS" signature="cancelTicket_validtin_validemail()[pri:0, instance:tests.TestsType_CancelTicket@5542c4ed]" name="cancelTicket_validtin_validemail" duration-ms="10041" started-at="2021-07-05T15:53:20Z" finished-at="2021-07-05T15:53:30Z">
          <reporter-output>
          </reporter-output>
        </test-method> <!-- cancelTicket_validtin_validemail -->
        <test-method status="PASS" signature="endTestAndCloseBrowser(org.testng.ITestResult)[pri:0, instance:tests.TestsType_CancelTicket@5542c4ed]" name="endTestAndCloseBrowser" is-config="true" duration-ms="698" started-at="2021-07-05T15:53:30Z" finished-at="2021-07-05T15:53:31Z">
          <params>
            <param index="0">
              <value>
                <![CDATA[[TestResult name=cancelTicket_validtin_validemail status=SUCCESS method=TestsType_CancelTicket.cancelTicket_validtin_validemail()[pri:0, instance:tests.TestsType_CancelTicket@5542c4ed] output={null}]]]>
              </value>
            </param>
          </params>
          <reporter-output>
          </reporter-output>
        </test-method> <!-- endTestAndCloseBrowser -->
      </class> <!-- tests.TestsType_CancelTicket -->
    </test> <!-- Test -->
  </suite> <!-- Suite -->
</testng-results>
